QObject::startTimer: Timers cannot have negative intervals
[1]
[2]
[4]
[0]
[1]
[1]
["DP2"][0]
["DP1"][1]
["DP2"][1]
["DP2"][2]
["DP3"][1]
["DP2"][1]
["DP2"][1]
["DP2"][1]
["DP2"][2]
["DP3"][3]
["DP4"][1]
[2]
[1]
[0]
[1]
[0]
[1]
[1]
[0]
[1]
[0]
[1]
[0]
[1]
[1]
[2]
[0]
[1]
[0]
[1]
[0]
[0]
[1]
[0]
[0]
[1]
[0]
[2]
[3]
["DP4"][4]
["DP5"][4]
["DP5"][5]
["DP6"][0]
[0]
[1]
[1]
[0]
[1]
[0]
[1]
[2]
[3]
["DP4"][0]
[1]
[0]
[0]
[0]
[1]
[0]
["DP1"]
["DP1"]
["DP1"]
["DP1"]
["DP1"]
["DP1"]
["DP1"]
["DP1"]
["DP1"]
["DP1"]
["DP1"]
["DP1"]
["DP1"]
["DP1"]
["DP1"]
["DP1"]
["DP1"]
["DP1"]
["DP1"]
["DP1"]
["DP1"]
["DP1"]
["DP1"]
["DP1"]
["DP1"]
["DP1"]
["DP1"]
["DP1"]
["DP1"]
["DP1"]
["DP1"]
["DP1"]
["DP1"]
["DP1"]
["DP1"]
["DP1"]
["DP1"]
["DP1"]
["DP1"]
["DP1"]
["DP1"]
["DP1"]
["DP1"]
["DP1"]
["DP1"]
["DP1"]
["DP1"]
["DP1"]
[0]
[0]
[0]
[0]
[0]
[0]
[0]
[0]
[0]
[0]
[0]
[0]
[0]
[0]
[0]
[0]
[0]
[0]
[0]
[0]
[0]
[0]
[0]
[0]
[0]
[0]
[0]
[0]
[0]
[0]
[0]
[0]
[0]
[0]
[0]
[0]
[0]
[0]
[0]
[0]
[0]
[0]
[0]
[0]
[0]
[0]
[0]
[0]
[0]
[0]
[0]
[0]
[0]
[0]
[0]
[0]
[0]
[0]
[0]
[0]
[0]
[0]
[0]
[0]
[0]
[0]
[0]
[0]
[0]
[0]
[0]
[0]
[0]
[0]
[0]
[0]
[0]
[0]
[0]
[0]
[0]
[0]
[0]
[0]
[0]
[0]
[0]
[0]
[0]
[0]
[0]
[0]
[0]
[0]
[0]
[0]
[0]
[0]
[0]
[0]
[0]
[0]
[0]
[0]
[0]
[0]
[0]
[0]
[0]
[0]
[0]
[0]
[0]
[0]
[0]
[0]
[0]
[0]
[0]
[0]
[0]
[0]
[0]
[0]
[0]
[0]
[0]
[0]
[0]
[0]
[0]
[0]
[0]
[0]
[0]
[0]
[0]
[0]
[0]
[0]
[0]
[0]
[0]
[0]
[0]
[0]
[0]
[0]
[0]
[0]
[0]
[0]
[1]
["Default"][0]
[1]
["Default"][1]
["Default"][2]
["Default"][0]
[0]
[1]
["Default"][1]
["Default"][1]
["Default"][0]
[1]
["Default"][2]
["Default"][2]
["Default"][3]
["Default"][4]
["Default"][5]
["Default"][0]
[0]
[0]
[0]
[0]
[0]
[0]
[0]
[0]
[0]
[1]
["Default"][0]
[0]
[0]
[0]
[0]
[0]
[0]
[0]
[0]
[0]
[0]
[0]
[0]
[0]
[0]
[0]
[0]
[0]
[0]
[0]
[0]
[0]
[0]
[0]
[0]
[0]
[0]
[0]
[0]
[0]
[0]
[0]
[0]
[0]
[0]
[0]
[0]
[0]
[0]
[0]
[0]
[0]
[0]
[0]
[0]
[0]
[0]
[0]
[0]
[0]
[0]
[0]
[0]
[0]
[0]
[0]
[0]
[0]
[0]
[0]
[0]
[0]
[0]
[0]
[0]
[0]
[0]
[0]
[0]
[0]
[0]
[0]
[0]
[1]
["Default"][0]
[1]
["Default"][2]
["Default"][3]
["Default"][3]
["Default"][4]
["Default"][5]
["Default"][0]
[0]
[0]
[0]
[0]
[0]
[0]
[0]
[0]
["DP1"]
[0]
["DP1"]
[0]
["DP1"]
[0]
["DP1"]
[0]
["DP1"]
[0]
["DP1"]
[0]
["DP1"]
[0]
["DP1"]
[0]
["DP1"]
[0]
["DP1"]
[0]
["DP1"]
[0]
["DP1"]
[0]
["DP1"]
[0]
["DP1"]
[0]
["DP1"]
[0]
["DP1"]
[0]
["DP1"]
[0]
["DP1"]
[0]
["DP1"]
[0]
["DP1"]
[0]
["DP1"]
[0]
["DP1"]
[0]
["DP1"]
[0]
["DP1"]
[0]
["DP1"]
[0]
["DP1"]
[0]
["DP1"]
[0]
["DP1"]
[0]
["DP1"]
[0]
["DP1"]
[0]
["DP1"]
[0]
["DP1"]
[0]
["DP1"]
[0]
["DP1"]
[0]
["DP1"]
[0]
["DP1"]
[0]
["DP1"]
[0]
["DP1"]
[0]
["DP1"]
[0]
["DP1"]
[0]
["DP1"]
["DP1"]
["DP1"]
["DP1"]
["DP1"]
["DP1"]
["DP1"]
["DP1"]
[1]
["DP1"]
["Default"][0]
["DP1"]
[1]
["DP1"]
["Default"][0]
[0]
[0]
[0]
[0]
[0]
[0]
[0]
["DP1"]
[0]
["DP1"]
[0]
["DP1"]
[0]
["DP1"]
[0]
["DP1"]
[0]
["DP1"]
[0]
["DP1"]
[0]
["DP1"]
[0]
["DP1"]
[0]
["DP1"]
[0]
["DP1"]
[0]
["DP1"]
[0]
["DP1"]
[0]
["DP1"]
[0]
["DP1"]
[0]
["DP1"]
[0]
["DP1"]
[0]
["DP1"]
[0]
["DP1"]
[0]
["DP1"]
[0]
["DP1"]
[0]
["DP1"]
[0]
["DP1"]
[0]
["DP1"]
[0]
["DP1"]
[0]
["DP1"]
[0]
["DP1"]
[0]
["DP1"]
[0]
["DP1"]
[0]
["DP1"]
[0]
["DP1"]
[0]
["DP1"]
[0]
["DP1"]
[0]
["DP1"]
[0]
["DP1"]
[0]
["DP1"]
[0]
["DP1"]
[0]
["DP1"]
[0]
["DP1"]
[0]
["DP1"]
[0]
["DP1"]
["DP1"]
["DP1"]
["DP1"]
["DP1"]
["DP1"]
["DP1"]
["DP1"]
[1]
[2]
[3]
[0]
["DP1"]
[0]
[0]
[0]
[0]
[0]
[0]
[0]
[0]
["DP1"]
["DP1"]
["DP1"]
["DP1"]
["DP1"]
["DP1"]
["DP1"]
["DP1"]
[1]
[3]
[3]
[3]
[3]
[3]
[0]
[0]
[0]
[0]
["DP1"]
["DP1"]
["DP1"]
["DP1"]
[0]
["DP1"]
[1]
[1]
[2]
[0]
["DP1"]
[1]
[0]
[1]
["DP1"]
[0]
[1]
["DP1"]
[0]
[1]
["DP1"]
[0]
[1]
["DP1"]
[1]
[0]
["DP1"]
["00000000000000001111111111111111"]
["00000000000000001111111111111000"]
The X11 connection broke (error 1). Did the X11 server die?
The X11 connection broke (error 1). Did the X11 server die?
The X11 connection broke (error 1). Did the X11 server die?
The X11 connection broke: I/O error (code 1)
X connection to :1 broken (explicit kill or server shutdown).
The X11 connection broke (error 1). Did the X11 server die?
