WCCILsim     (1), 2025.03.26 15:13:09.665, SYS,  INFO,        1, Manager Start, PROJ, HMP4040_PS_Control, V 3.19 - 3.19 P009 platform Linux x86_64 linked at Feb 13 2024 09:32:02 (5a6458ed9fd)
WCCILsim     (1), 2025.03.26 15:13:09.673, SYS,  INFO,        3, Trying to connect to (SYS: 0 Data -num 0 CONN: 1) @ localhost:4897
WCCILsim     (1), 2025.03.26 15:13:09.674, SYS,  INFO,        4, Connected to (SYS: 0 Data -num 0 CONN: 1) @ localhost (::1)
WCCILsim     (1), 2025.03.26 15:13:09.675, PARAM,SEVERE,     71, DP does not exist, _Stat_Configs_driver_1._address:_original.._value
WCCILsim     (1), 2025.03.26 15:13:09.675, PARAM,SEVERE,     71, DP does not exist, _Stat_Configs_driver_1._cmd_conv:_original.._value
WCCILsim     (1), 2025.03.26 15:13:09.675, PARAM,SEVERE,     71, DP does not exist, _Stat_Configs_driver_1._msg_conv:_original.._value
WCCILsim     (1), 2025.03.26 15:13:09.675, PARAM,SEVERE,     71, DP does not exist, _Stat_Configs_driver_1._smooth:_original.._value
WCCILsim     (1), 2025.03.26 15:13:09.675, PARAM,SEVERE,     71, DP does not exist, _Stat_Configs_Refresh.SecsToRefresh:_original.._value
WCCILsim     (1), 2025.03.26 15:13:09.675, SYS,  INFO,        6, Initialization by Data Manager finished
WCCILsim     (1), 2025.03.26 15:13:09.675, SYS,  INFO,        3, Trying to connect to (SYS: 1 Event -num 0 CONN: 1) @ localhost:4998
WCCILsim     (1), 2025.03.26 15:13:09.676, SYS,  INFO,        4, Connected to (SYS: 1 Event -num 0 CONN: 1) @ localhost (::1)
WCCILsim     (1), 2025.03.26 15:13:09.688, SYS,  SEVERE,    105, Invalid license, Driver will shutdown after the demo period of 31536000 seconds
WCCILsim     (1), 2025.03.26 15:13:09.688, SYS,  INFO,      156, Driver initialization finished.
WCCILsim     (1), 2025.03.26 15:13:09.688, PARAM,WARNING,    54, Unexpected state, Cannot get DPID for _Driver1.AL.AClasses:_original.._value
WCCILsim     (1), 2025.03.26 15:13:09.688, PARAM,WARNING,    54, Unexpected state, Cannot get DPID for _Driver1.AL.AckDps:_original.._value
WCCILsim     (1), 2025.03.26 15:13:09.688, PARAM,WARNING,    54, Unexpected state, Cannot get DPID for _Driver1.AL.AckData:_original.._value
WCCILsim     (1), 2025.03.26 15:13:09.698, PARAM,WARNING,    90, DP attribute was connected twice, DP: (Type: 0 Sys: 1 Dp: 0 El: 0 : ..)
WCCILsim     (1), 2025.03.26 15:13:09.698, PARAM,WARNING,    54, Unexpected state, AlertDrvIntDp, dpReady, dpConnect failed to Ack DPs
WCCILsim     (1), 2025.03.26 15:13:10.922, SYS,  INFO,      170, Signal SIGTERM received - exiting ...
WCCILsim     (1), 2025.03.26 15:13:10.942, SYS,  INFO,      181, Closing connection to (SYS: 1 Data -num 0 CONN: 1)
WCCILsim     (1), 2025.03.26 15:13:10.942, SYS,  INFO,      181, Closing connection to (SYS: 1 Event -num 0 CONN: 1)
WCCILsim     (1), 2025.03.26 15:13:10.942, SYS,  INFO,       39, Connection lost, MAN: (SYS: 1 Data -num 0 CONN: 1), Connection closed
WCCILsim     (1), 2025.03.26 15:13:10.943, SYS,  INFO,       39, Connection lost, MAN: (SYS: 1 Event -num 0 CONN: 1), Connection closed
WCCILsim     (1), 2025.03.26 15:13:10.943, SYS,  INFO,        2, Manager Stop
