WCCILdata    (0), 2025.03.26 15:13:09.296, SYS,  INFO,        1, Manager Start, PROJ, HMP4040_PS_Control, V 3.19 - 3.19 P009 platform Linux x86_64 linked at Feb 13 2024 09:32:02 (5a6458ed9fd)
WCCILdata    (0), 2025.03.26 15:13:09.297, SYS,  INFO,        0, , (Re)Opening databases in single user mode without transaction logging.
WCCILdata    (0), 2025.03.26 15:13:09.582, SYS,  INFO,        0, , Initialize archive smoothing
WCCILdata    (0), 2025.03.26 15:13:09.582, SYS,  INFO,        0, , Initialize archive smoothing
WCCILdata    (0), 2025.03.26 15:13:09.582, SYS,  INFO,        0, , Loading DpIdentification
WCCILdata    (0), 2025.03.26 15:13:09.582, SYS,  INFO,        0, , Initializing last value cache
WCCILdata    (0), 2025.03.26 15:13:09.582, SYS,  INFO,        0, , Loading internal datapoints
WCCILdata    (0), 2025.03.26 15:13:09.582, SYS,  WARNING,    33, General error in Data Manager, DataManDpIntern, loadInternalDp, Internal DPE not found: _DataManager.DataBase.Check:_original.._value
WCCILdata    (0), 2025.03.26 15:13:09.582, SYS,  INFO,        0, , Initializing ID history
WCCILdata    (0), 2025.03.26 15:13:09.582, SYS,  INFO,        0, , Initializing Alert history
WCCILdata    (0), 2025.03.26 15:13:09.583, SYS,  INFO,        0, , Initializing Alert Class cache
WCCILdata    (0), 2025.03.26 15:13:09.583, SYS,  INFO,        6, Initialization by Data Manager finished
WCCILdata    (0), 2025.03.26 15:13:09.583, PARAM,SEVERE,      8, Element does not exist, problem during archive initialization, datapoint does not exist:, _ValueArchive_0.arNr:_original.._value
WCCILdata    (0), 2025.03.26 15:13:09.583, PARAM,SEVERE,      8, Element does not exist, problem during archive initialization, datapoint does not exist:, _ValueArchive_0.state:_original.._value
WCCILdata    (0), 2025.03.26 15:13:09.583, PARAM,SEVERE,      8, Element does not exist, problem during archive initialization, datapoint does not exist:, _ValueArchive_0.general.arType:_original.._value
WCCILdata    (0), 2025.03.26 15:13:09.583, PARAM,SEVERE,      8, Element does not exist, problem during archive initialization, datapoint does not exist:, _ValueArchive_0.general.arName:_original.._value
WCCILdata    (0), 2025.03.26 15:13:09.583, PARAM,SEVERE,      8, Element does not exist, problem during archive initialization, datapoint does not exist:, _ValueArchive_0.general.hostNameGet:_original.._value
WCCILdata    (0), 2025.03.26 15:13:09.583, PARAM,SEVERE,      8, Element does not exist, problem during archive initialization, datapoint does not exist:, _ValueArchive_0.general.hostNameSet:_original.._value
WCCILdata    (0), 2025.03.26 15:13:09.583, PARAM,SEVERE,      8, Element does not exist, problem during archive initialization, datapoint does not exist:, _ValueArchive_0.general.filePathGet:_original.._value
WCCILdata    (0), 2025.03.26 15:13:09.583, PARAM,SEVERE,      8, Element does not exist, problem during archive initialization, datapoint does not exist:, _ValueArchive_0.general.filePathSet:_original.._value
WCCILdata    (0), 2025.03.26 15:13:09.583, PARAM,SEVERE,      8, Element does not exist, problem during archive initialization, datapoint does not exist:, _ValueArchive_0.general.fileNameGet:_original.._value
WCCILdata    (0), 2025.03.26 15:13:09.583, PARAM,SEVERE,      8, Element does not exist, problem during archive initialization, datapoint does not exist:, _ValueArchive_0.general.fileNameSet:_original.._value
WCCILdata    (0), 2025.03.26 15:13:09.583, PARAM,SEVERE,      8, Element does not exist, problem during archive initialization, datapoint does not exist:, _ValueArchive_0.general.createArchive:_original.._value
WCCILdata    (0), 2025.03.26 15:13:09.583, PARAM,SEVERE,      8, Element does not exist, problem during archive initialization, datapoint does not exist:, _ValueArchive_0.general.forwardToRDB:_original.._value
WCCILdata    (0), 2025.03.26 15:13:09.583, PARAM,SEVERE,      8, Element does not exist, problem during archive initialization, datapoint does not exist:, _ValueArchive_0.error.errNum:_original.._value
WCCILdata    (0), 2025.03.26 15:13:09.583, PARAM,SEVERE,      8, Element does not exist, problem during archive initialization, datapoint does not exist:, _ValueArchive_0.error.errDp:_original.._value
WCCILdata    (0), 2025.03.26 15:13:09.583, PARAM,SEVERE,      8, Element does not exist, problem during archive initialization, datapoint does not exist:, _ValueArchive_0.error.errBit:_original.._value
WCCILdata    (0), 2025.03.26 15:13:09.583, PARAM,SEVERE,      8, Element does not exist, problem during archive initialization, datapoint does not exist:, _ValueArchive_0.error.errRead:_original.._value
WCCILdata    (0), 2025.03.26 15:13:09.583, PARAM,SEVERE,      8, Element does not exist, problem during archive initialization, datapoint does not exist:, _ValueArchive_0.size.maxDpElGet:_original.._value
WCCILdata    (0), 2025.03.26 15:13:09.583, PARAM,SEVERE,      8, Element does not exist, problem during archive initialization, datapoint does not exist:, _ValueArchive_0.size.maxDpElSet:_original.._value
WCCILdata    (0), 2025.03.26 15:13:09.583, PARAM,SEVERE,      8, Element does not exist, problem during archive initialization, datapoint does not exist:, _ValueArchive_0.size.maxValuesGet:_original.._value
WCCILdata    (0), 2025.03.26 15:13:09.583, PARAM,SEVERE,      8, Element does not exist, problem during archive initialization, datapoint does not exist:, _ValueArchive_0.size.maxValuesSet:_original.._value
WCCILdata    (0), 2025.03.26 15:13:09.583, PARAM,SEVERE,      8, Element does not exist, problem during archive initialization, datapoint does not exist:, _ValueArchive_0.size.maxFillPctGet:_original.._value
WCCILdata    (0), 2025.03.26 15:13:09.583, PARAM,SEVERE,      8, Element does not exist, problem during archive initialization, datapoint does not exist:, _ValueArchive_0.size.maxFillPctSet:_original.._value
WCCILdata    (0), 2025.03.26 15:13:09.584, PARAM,SEVERE,      8, Element does not exist, problem during archive initialization, datapoint does not exist:, _ValueArchive_0.size.maxHeapSizeGet:_original.._value
WCCILdata    (0), 2025.03.26 15:13:09.584, PARAM,SEVERE,      8, Element does not exist, problem during archive initialization, datapoint does not exist:, _ValueArchive_0.size.maxHeapSizeSet:_original.._value
WCCILdata    (0), 2025.03.26 15:13:09.584, PARAM,SEVERE,      8, Element does not exist, problem during archive initialization, datapoint does not exist:, _ValueArchive_0.size.maxCacheGet:_original.._value
WCCILdata    (0), 2025.03.26 15:13:09.584, PARAM,SEVERE,      8, Element does not exist, problem during archive initialization, datapoint does not exist:, _ValueArchive_0.size.maxCacheSet:_original.._value
WCCILdata    (0), 2025.03.26 15:13:09.584, PARAM,SEVERE,      8, Element does not exist, problem during archive initialization, datapoint does not exist:, _ValueArchive_0.size.maxCorrCacheGet:_original.._value
WCCILdata    (0), 2025.03.26 15:13:09.584, PARAM,SEVERE,      8, Element does not exist, problem during archive initialization, datapoint does not exist:, _ValueArchive_0.size.maxCorrCacheSet:_original.._value
WCCILdata    (0), 2025.03.26 15:13:09.584, PARAM,SEVERE,      8, Element does not exist, problem during archive initialization, datapoint does not exist:, _ValueArchive_0.intervals.aliveInterval:_original.._value
WCCILdata    (0), 2025.03.26 15:13:09.584, PARAM,SEVERE,      8, Element does not exist, problem during archive initialization, datapoint does not exist:, _ValueArchive_0.intervals.saveCycle:_original.._value
WCCILdata    (0), 2025.03.26 15:13:09.584, PARAM,SEVERE,      8, Element does not exist, problem during archive initialization, datapoint does not exist:, _ValueArchive_0.setMgmt.fileSwitch.switchTimeGet.validFrom:_original.._value
WCCILdata    (0), 2025.03.26 15:13:09.584, PARAM,SEVERE,      8, Element does not exist, problem during archive initialization, datapoint does not exist:, _ValueArchive_0.setMgmt.fileSwitch.switchTimeGet.validUntil:_original.._value
WCCILdata    (0), 2025.03.26 15:13:09.584, PARAM,SEVERE,      8, Element does not exist, problem during archive initialization, datapoint does not exist:, _ValueArchive_0.setMgmt.fileSwitch.switchTimeGet.time:_original.._value
WCCILdata    (0), 2025.03.26 15:13:09.584, PARAM,SEVERE,      8, Element does not exist, problem during archive initialization, datapoint does not exist:, _ValueArchive_0.setMgmt.fileSwitch.switchTimeGet.weekDay:_original.._value
WCCILdata    (0), 2025.03.26 15:13:09.584, PARAM,SEVERE,      8, Element does not exist, problem during archive initialization, datapoint does not exist:, _ValueArchive_0.setMgmt.fileSwitch.switchTimeGet.monthDay:_original.._value
WCCILdata    (0), 2025.03.26 15:13:09.584, PARAM,SEVERE,      8, Element does not exist, problem during archive initialization, datapoint does not exist:, _ValueArchive_0.setMgmt.fileSwitch.switchTimeGet.month:_original.._value
WCCILdata    (0), 2025.03.26 15:13:09.584, PARAM,SEVERE,      8, Element does not exist, problem during archive initialization, datapoint does not exist:, _ValueArchive_0.setMgmt.fileSwitch.switchTimeGet.syncTime:_original.._value
WCCILdata    (0), 2025.03.26 15:13:09.584, PARAM,SEVERE,      8, Element does not exist, problem during archive initialization, datapoint does not exist:, _ValueArchive_0.setMgmt.fileSwitch.switchTimeGet.syncWeekDay:_original.._value
WCCILdata    (0), 2025.03.26 15:13:09.584, PARAM,SEVERE,      8, Element does not exist, problem during archive initialization, datapoint does not exist:, _ValueArchive_0.setMgmt.fileSwitch.switchTimeGet.syncDay:_original.._value
WCCILdata    (0), 2025.03.26 15:13:09.584, PARAM,SEVERE,      8, Element does not exist, problem during archive initialization, datapoint does not exist:, _ValueArchive_0.setMgmt.fileSwitch.switchTimeGet.syncMonth:_original.._value
WCCILdata    (0), 2025.03.26 15:13:09.584, PARAM,SEVERE,      8, Element does not exist, problem during archive initialization, datapoint does not exist:, _ValueArchive_0.setMgmt.fileSwitch.switchTimeGet.interval:_original.._value
WCCILdata    (0), 2025.03.26 15:13:09.584, PARAM,SEVERE,      8, Element does not exist, problem during archive initialization, datapoint does not exist:, _ValueArchive_0.setMgmt.fileSwitch.switchTimeGet.delay:_original.._value
WCCILdata    (0), 2025.03.26 15:13:09.584, PARAM,SEVERE,      8, Element does not exist, problem during archive initialization, datapoint does not exist:, _ValueArchive_0.setMgmt.fileSwitch.switchTimeSet.validFrom:_original.._value
WCCILdata    (0), 2025.03.26 15:13:09.584, PARAM,SEVERE,      8, Element does not exist, problem during archive initialization, datapoint does not exist:, _ValueArchive_0.setMgmt.fileSwitch.switchTimeSet.validUntil:_original.._value
WCCILdata    (0), 2025.03.26 15:13:09.584, PARAM,SEVERE,      8, Element does not exist, problem during archive initialization, datapoint does not exist:, _ValueArchive_0.setMgmt.fileSwitch.switchTimeSet.time:_original.._value
WCCILdata    (0), 2025.03.26 15:13:09.584, PARAM,SEVERE,      8, Element does not exist, problem during archive initialization, datapoint does not exist:, _ValueArchive_0.setMgmt.fileSwitch.switchTimeSet.weekDay:_original.._value
WCCILdata    (0), 2025.03.26 15:13:09.584, PARAM,SEVERE,      8, Element does not exist, problem during archive initialization, datapoint does not exist:, _ValueArchive_0.setMgmt.fileSwitch.switchTimeSet.monthDay:_original.._value
WCCILdata    (0), 2025.03.26 15:13:09.584, PARAM,SEVERE,      8, Element does not exist, problem during archive initialization, datapoint does not exist:, _ValueArchive_0.setMgmt.fileSwitch.switchTimeSet.month:_original.._value
WCCILdata    (0), 2025.03.26 15:13:09.584, PARAM,SEVERE,      8, Element does not exist, problem during archive initialization, datapoint does not exist:, _ValueArchive_0.setMgmt.fileSwitch.switchTimeSet.syncTime:_original.._value
WCCILdata    (0), 2025.03.26 15:13:09.584, PARAM,SEVERE,      8, Element does not exist, problem during archive initialization, datapoint does not exist:, _ValueArchive_0.setMgmt.fileSwitch.switchTimeSet.syncWeekDay:_original.._value
WCCILdata    (0), 2025.03.26 15:13:09.584, SYS,  SEVERE,    118, Last error already repeated 50 times. Until another output occurs, this one will be blocked.
WCCILdata    (0), 2025.03.26 15:13:09.585, PARAM,SEVERE,      8, Element does not exist, problem during archive initialization, datapoint does not exist:, _ValueArchive_0.setMgmt.fileCompression.autoStartAfterSwitchSet:_original.._value
WCCILdata    (0), 2025.03.26 15:13:09.585, SYS,  INFO,      119, Last error repeated 213 times.
WCCILdata    (0), 2025.03.26 15:13:09.585, SYS,  INFO,        0, , Initializing Value Archives
WCCILdata    (0), 2025.03.26 15:13:09.585, SYS,  INFO,        0, , ValueArchive will be used...
WCCILdata    (0), 2025.03.26 15:13:09.625, SYS,  INFO,        4, Connected to (SYS: 1 Event -num 0 CONN: 1) @ localhost (::1)
WCCILdata    (0), 2025.03.26 15:13:09.625, SYS,  INFO,        0, , Manager (SYS: 1 Data -num 0 CONN: 1) initialised
WCCILdata    (0), 2025.03.26 15:13:09.626, SYS,  INFO,        0, , Manager (SYS: 1 Event -num 0 CONN: 1) initialised
WCCILdata    (0), 2025.03.26 15:13:09.651, PARAM,WARNING,     7, Datapoint does not exist, UserTable, UserTable, _Users.UserId
WCCILdata    (0), 2025.03.26 15:13:09.652, PARAM,WARNING,     7, Datapoint does not exist, ManagerTable, ManagerTable, _Managers.Auth.ManType
WCCILdata    (0), 2025.03.26 15:13:09.674, SYS,  INFO,        4, Connected to (SYS: 1 Driver -num 1 CONN: 1) @ localhost (::1)
WCCILdata    (0), 2025.03.26 15:13:09.675, SYS,  INFO,        0, , Manager (SYS: 1 Driver -num 1 CONN: 1) initialised
WCCILdata    (0), 2025.03.26 15:13:09.918, SYS,  INFO,        4, Connected to (SYS: 1 Ascii -num 1 CONN: 1) @ localhost (::1)
WCCILdata    (0), 2025.03.26 15:13:09.918, SYS,  INFO,        0, , Manager (SYS: 1 Ascii -num 1 CONN: 1) initialised
WCCILdata    (0), 2025.03.26 15:13:09.921, SYS,  INFO,        0, , Manager (SYS: 1 Ascii -num 1 CONN: 1) initialised
WCCILdata    (0), 2025.03.26 15:13:10.098, SYS,  INFO,       39, Connection lost, MAN: (SYS: 1 Ascii -num 1 CONN: 1), Connection closed
WCCILdata    (0), 2025.03.26 15:13:10.119, SYS,  INFO,        4, Connected to (SYS: 1 Ascii -num 1 CONN: 1) @ localhost (::1)
WCCILdata    (0), 2025.03.26 15:13:10.121, SYS,  INFO,        0, , Manager (SYS: 1 Ascii -num 1 CONN: 1) initialised
WCCILdata    (0), 2025.03.26 15:13:10.125, SYS,  INFO,        0, , Manager (SYS: 1 Ascii -num 1 CONN: 1) initialised
WCCILdata    (0), 2025.03.26 15:13:10.305, SYS,  INFO,       39, Connection lost, MAN: (SYS: 1 Ascii -num 1 CONN: 1), Connection closed
WCCILdata    (0), 2025.03.26 15:13:10.321, SYS,  INFO,        4, Connected to (SYS: 1 Ascii -num 1 CONN: 1) @ localhost (::1)
WCCILdata    (0), 2025.03.26 15:13:10.322, SYS,  INFO,        0, , Manager (SYS: 1 Ascii -num 1 CONN: 1) initialised
WCCILdata    (0), 2025.03.26 15:13:10.328, SYS,  INFO,        0, , Manager (SYS: 1 Ascii -num 1 CONN: 1) initialised
WCCILdata    (0), 2025.03.26 15:13:10.816, SYS,  INFO,       39, Connection lost, MAN: (SYS: 1 Ascii -num 1 CONN: 1), Connection closed
WCCILdata    (0), 2025.03.26 15:13:10.833, SYS,  INFO,        4, Connected to (SYS: 1 Ascii -num 1 CONN: 1) @ localhost (::1)
WCCILdata    (0), 2025.03.26 15:13:10.835, SYS,  INFO,        0, , Manager (SYS: 1 Ascii -num 1 CONN: 1) initialised
WCCILdata    (0), 2025.03.26 15:13:10.838, SYS,  INFO,        0, , Manager (SYS: 1 Ascii -num 1 CONN: 1) initialised
WCCILdata    (0), 2025.03.26 15:13:10.843, PARAM,WARNING,    54, Unexpected state, HistOrgMain, no internal archive dp specified in archive class of: -, parametrized dp in archive class is System1:_NGA_G_EVENT
WCCILdata    (0), 2025.03.26 15:13:10.843, SYS,  SEVERE,     54, Unexpected state, HistOrgMain, no valid archive number
WCCILdata    (0), 2025.03.26 15:13:10.844, PARAM,WARNING,    54, Unexpected state, HistOrgMain, no internal archive dp specified in archive class of: -, parametrized dp in archive class is System1:_NGA_G_EVENT
WCCILdata    (0), 2025.03.26 15:13:10.844, SYS,  SEVERE,     54, Unexpected state, HistOrgMain, no valid archive number
WCCILdata    (0), 2025.03.26 15:13:10.844, PARAM,WARNING,    54, Unexpected state, HistOrgMain, no internal archive dp specified in archive class of: -, parametrized dp in archive class is System1:_NGA_G_EVENT
WCCILdata    (0), 2025.03.26 15:13:10.844, SYS,  SEVERE,     54, Unexpected state, HistOrgMain, no valid archive number
WCCILdata    (0), 2025.03.26 15:13:10.844, PARAM,WARNING,    54, Unexpected state, HistOrgMain, no internal archive dp specified in archive class of: -, parametrized dp in archive class is System1:_NGA_G_EVENT
WCCILdata    (0), 2025.03.26 15:13:10.844, SYS,  SEVERE,     54, Unexpected state, HistOrgMain, no valid archive number
WCCILdata    (0), 2025.03.26 15:13:10.844, PARAM,WARNING,    54, Unexpected state, HistOrgMain, no internal archive dp specified in archive class of: -, parametrized dp in archive class is System1:_NGA_G_EVENT
WCCILdata    (0), 2025.03.26 15:13:10.844, SYS,  SEVERE,     54, Unexpected state, HistOrgMain, no valid archive number
WCCILdata    (0), 2025.03.26 15:13:10.844, PARAM,WARNING,    54, Unexpected state, HistOrgMain, no internal archive dp specified in archive class of: -, parametrized dp in archive class is System1:_NGA_G_EVENT
WCCILdata    (0), 2025.03.26 15:13:10.844, SYS,  SEVERE,     54, Unexpected state, HistOrgMain, no valid archive number
WCCILdata    (0), 2025.03.26 15:13:10.844, PARAM,WARNING,    54, Unexpected state, HistOrgMain, no internal archive dp specified in archive class of: -, parametrized dp in archive class is System1:_NGA_G_EVENT
WCCILdata    (0), 2025.03.26 15:13:10.844, SYS,  SEVERE,     54, Unexpected state, HistOrgMain, no valid archive number
WCCILdata    (0), 2025.03.26 15:13:10.844, PARAM,WARNING,    54, Unexpected state, HistOrgMain, no internal archive dp specified in archive class of: -, parametrized dp in archive class is System1:_NGA_G_EVENT
WCCILdata    (0), 2025.03.26 15:13:10.844, SYS,  SEVERE,     54, Unexpected state, HistOrgMain, no valid archive number
WCCILdata    (0), 2025.03.26 15:13:10.844, PARAM,WARNING,    54, Unexpected state, HistOrgMain, no internal archive dp specified in archive class of: -, parametrized dp in archive class is System1:_NGA_G_EVENT
WCCILdata    (0), 2025.03.26 15:13:10.844, SYS,  SEVERE,     54, Unexpected state, HistOrgMain, no valid archive number
WCCILdata    (0), 2025.03.26 15:13:10.844, PARAM,WARNING,    54, Unexpected state, HistOrgMain, no internal archive dp specified in archive class of: -, parametrized dp in archive class is System1:_NGA_G_EVENT
WCCILdata    (0), 2025.03.26 15:13:10.844, SYS,  SEVERE,     54, Unexpected state, HistOrgMain, no valid archive number
WCCILdata    (0), 2025.03.26 15:13:10.845, PARAM,WARNING,    54, Unexpected state, HistOrgMain, no internal archive dp specified in archive class of: -, parametrized dp in archive class is System1:_NGA_G_EVENT
WCCILdata    (0), 2025.03.26 15:13:10.845, SYS,  SEVERE,     54, Unexpected state, HistOrgMain, no valid archive number
WCCILdata    (0), 2025.03.26 15:13:10.845, PARAM,WARNING,    54, Unexpected state, HistOrgMain, no internal archive dp specified in archive class of: -, parametrized dp in archive class is System1:_NGA_G_EVENT
WCCILdata    (0), 2025.03.26 15:13:10.845, SYS,  SEVERE,     54, Unexpected state, HistOrgMain, no valid archive number
WCCILdata    (0), 2025.03.26 15:13:10.845, PARAM,WARNING,    54, Unexpected state, HistOrgMain, no internal archive dp specified in archive class of: -, parametrized dp in archive class is System1:_NGA_G_EVENT
WCCILdata    (0), 2025.03.26 15:13:10.845, SYS,  SEVERE,     54, Unexpected state, HistOrgMain, no valid archive number
WCCILdata    (0), 2025.03.26 15:13:10.845, PARAM,WARNING,    54, Unexpected state, HistOrgMain, no internal archive dp specified in archive class of: -, parametrized dp in archive class is System1:_NGA_G_EVENT
WCCILdata    (0), 2025.03.26 15:13:10.845, SYS,  SEVERE,     54, Unexpected state, HistOrgMain, no valid archive number
WCCILdata    (0), 2025.03.26 15:13:10.845, PARAM,WARNING,    54, Unexpected state, HistOrgMain, no internal archive dp specified in archive class of: -, parametrized dp in archive class is System1:_NGA_G_EVENT
WCCILdata    (0), 2025.03.26 15:13:10.845, SYS,  SEVERE,     54, Unexpected state, HistOrgMain, no valid archive number
WCCILdata    (0), 2025.03.26 15:13:10.845, PARAM,WARNING,    54, Unexpected state, HistOrgMain, no internal archive dp specified in archive class of: -, parametrized dp in archive class is System1:_NGA_G_EVENT
WCCILdata    (0), 2025.03.26 15:13:10.845, SYS,  SEVERE,     54, Unexpected state, HistOrgMain, no valid archive number
WCCILdata    (0), 2025.03.26 15:13:10.846, PARAM,WARNING,    54, Unexpected state, HistOrgMain, no internal archive dp specified in archive class of: -, parametrized dp in archive class is System1:_NGA_G_EVENT
WCCILdata    (0), 2025.03.26 15:13:10.846, SYS,  SEVERE,     54, Unexpected state, HistOrgMain, no valid archive number
WCCILdata    (0), 2025.03.26 15:13:10.846, PARAM,WARNING,    54, Unexpected state, HistOrgMain, no internal archive dp specified in archive class of: -, parametrized dp in archive class is System1:_NGA_G_EVENT
WCCILdata    (0), 2025.03.26 15:13:10.846, SYS,  SEVERE,     54, Unexpected state, HistOrgMain, no valid archive number
WCCILdata    (0), 2025.03.26 15:13:10.846, PARAM,WARNING,    54, Unexpected state, HistOrgMain, no internal archive dp specified in archive class of: -, parametrized dp in archive class is System1:_NGA_G_EVENT
WCCILdata    (0), 2025.03.26 15:13:10.846, SYS,  SEVERE,     54, Unexpected state, HistOrgMain, no valid archive number
WCCILdata    (0), 2025.03.26 15:13:10.846, PARAM,WARNING,    54, Unexpected state, HistOrgMain, no internal archive dp specified in archive class of: -, parametrized dp in archive class is System1:_NGA_G_EVENT
WCCILdata    (0), 2025.03.26 15:13:10.846, SYS,  SEVERE,     54, Unexpected state, HistOrgMain, no valid archive number
WCCILdata    (0), 2025.03.26 15:13:10.847, PARAM,WARNING,    54, Unexpected state, HistOrgMain, no internal archive dp specified in archive class of: -, parametrized dp in archive class is System1:_NGA_G_EVENT
WCCILdata    (0), 2025.03.26 15:13:10.847, SYS,  SEVERE,     54, Unexpected state, HistOrgMain, no valid archive number
WCCILdata    (0), 2025.03.26 15:13:10.847, PARAM,WARNING,    54, Unexpected state, HistOrgMain, no internal archive dp specified in archive class of: -, parametrized dp in archive class is System1:_NGA_G_EVENT
WCCILdata    (0), 2025.03.26 15:13:10.847, SYS,  SEVERE,     54, Unexpected state, HistOrgMain, no valid archive number
WCCILdata    (0), 2025.03.26 15:13:10.847, PARAM,WARNING,    54, Unexpected state, HistOrgMain, no internal archive dp specified in archive class of: -, parametrized dp in archive class is System1:_NGA_G_EVENT
WCCILdata    (0), 2025.03.26 15:13:10.847, SYS,  SEVERE,     54, Unexpected state, HistOrgMain, no valid archive number
WCCILdata    (0), 2025.03.26 15:13:10.847, PARAM,WARNING,    54, Unexpected state, HistOrgMain, no internal archive dp specified in archive class of: -, parametrized dp in archive class is System1:_NGA_G_EVENT
WCCILdata    (0), 2025.03.26 15:13:10.847, SYS,  SEVERE,     54, Unexpected state, HistOrgMain, no valid archive number
WCCILdata    (0), 2025.03.26 15:13:10.847, PARAM,WARNING,    54, Unexpected state, HistOrgMain, no internal archive dp specified in archive class of: -, parametrized dp in archive class is System1:_NGA_G_EVENT
WCCILdata    (0), 2025.03.26 15:13:10.847, SYS,  SEVERE,     54, Unexpected state, HistOrgMain, no valid archive number
WCCILdata    (0), 2025.03.26 15:13:10.847, PARAM,WARNING,    54, Unexpected state, HistOrgMain, no internal archive dp specified in archive class of: -, parametrized dp in archive class is System1:_NGA_G_EVENT
WCCILdata    (0), 2025.03.26 15:13:10.847, SYS,  SEVERE,     54, Unexpected state, HistOrgMain, no valid archive number
WCCILdata    (0), 2025.03.26 15:13:10.847, PARAM,WARNING,    54, Unexpected state, HistOrgMain, no internal archive dp specified in archive class of: -, parametrized dp in archive class is System1:_NGA_G_EVENT
WCCILdata    (0), 2025.03.26 15:13:10.847, SYS,  SEVERE,     54, Unexpected state, HistOrgMain, no valid archive number
WCCILdata    (0), 2025.03.26 15:13:10.847, PARAM,WARNING,    54, Unexpected state, HistOrgMain, no internal archive dp specified in archive class of: -, parametrized dp in archive class is System1:_NGA_G_EVENT
WCCILdata    (0), 2025.03.26 15:13:10.847, SYS,  SEVERE,     54, Unexpected state, HistOrgMain, no valid archive number
WCCILdata    (0), 2025.03.26 15:13:10.848, PARAM,WARNING,    54, Unexpected state, HistOrgMain, no internal archive dp specified in archive class of: -, parametrized dp in archive class is System1:_NGA_G_EVENT
WCCILdata    (0), 2025.03.26 15:13:10.848, SYS,  SEVERE,     54, Unexpected state, HistOrgMain, no valid archive number
WCCILdata    (0), 2025.03.26 15:13:10.848, PARAM,WARNING,    54, Unexpected state, HistOrgMain, no internal archive dp specified in archive class of: -, parametrized dp in archive class is System1:_NGA_G_EVENT
WCCILdata    (0), 2025.03.26 15:13:10.848, SYS,  SEVERE,     54, Unexpected state, HistOrgMain, no valid archive number
WCCILdata    (0), 2025.03.26 15:13:10.848, PARAM,WARNING,    54, Unexpected state, HistOrgMain, no internal archive dp specified in archive class of: -, parametrized dp in archive class is System1:_NGA_G_EVENT
WCCILdata    (0), 2025.03.26 15:13:10.848, SYS,  SEVERE,     54, Unexpected state, HistOrgMain, no valid archive number
WCCILdata    (0), 2025.03.26 15:13:10.848, PARAM,WARNING,    54, Unexpected state, HistOrgMain, no internal archive dp specified in archive class of: -, parametrized dp in archive class is System1:_NGA_G_EVENT
WCCILdata    (0), 2025.03.26 15:13:10.848, SYS,  SEVERE,     54, Unexpected state, HistOrgMain, no valid archive number
WCCILdata    (0), 2025.03.26 15:13:10.849, PARAM,WARNING,    54, Unexpected state, HistOrgMain, no internal archive dp specified in archive class of: -, parametrized dp in archive class is System1:_NGA_G_EVENT
WCCILdata    (0), 2025.03.26 15:13:10.849, SYS,  SEVERE,     54, Unexpected state, HistOrgMain, no valid archive number
WCCILdata    (0), 2025.03.26 15:13:10.849, PARAM,WARNING,    54, Unexpected state, HistOrgMain, no internal archive dp specified in archive class of: -, parametrized dp in archive class is System1:_NGA_G_EVENT
WCCILdata    (0), 2025.03.26 15:13:10.849, SYS,  SEVERE,     54, Unexpected state, HistOrgMain, no valid archive number
WCCILdata    (0), 2025.03.26 15:13:10.849, PARAM,WARNING,    54, Unexpected state, HistOrgMain, no internal archive dp specified in archive class of: -, parametrized dp in archive class is System1:_NGA_G_EVENT
WCCILdata    (0), 2025.03.26 15:13:10.849, SYS,  SEVERE,     54, Unexpected state, HistOrgMain, no valid archive number
WCCILdata    (0), 2025.03.26 15:13:10.849, PARAM,WARNING,    54, Unexpected state, HistOrgMain, no internal archive dp specified in archive class of: -, parametrized dp in archive class is System1:_NGA_G_EVENT
WCCILdata    (0), 2025.03.26 15:13:10.849, SYS,  SEVERE,     54, Unexpected state, HistOrgMain, no valid archive number
WCCILdata    (0), 2025.03.26 15:13:10.849, PARAM,WARNING,    54, Unexpected state, HistOrgMain, no internal archive dp specified in archive class of: -, parametrized dp in archive class is System1:_NGA_G_EVENT
WCCILdata    (0), 2025.03.26 15:13:10.849, SYS,  SEVERE,     54, Unexpected state, HistOrgMain, no valid archive number
WCCILdata    (0), 2025.03.26 15:13:10.849, PARAM,WARNING,    54, Unexpected state, HistOrgMain, no internal archive dp specified in archive class of: -, parametrized dp in archive class is System1:_NGA_G_EVENT
WCCILdata    (0), 2025.03.26 15:13:10.849, SYS,  SEVERE,     54, Unexpected state, HistOrgMain, no valid archive number
WCCILdata    (0), 2025.03.26 15:13:10.849, PARAM,WARNING,    54, Unexpected state, HistOrgMain, no internal archive dp specified in archive class of: -, parametrized dp in archive class is System1:_NGA_G_EVENT
WCCILdata    (0), 2025.03.26 15:13:10.849, SYS,  SEVERE,     54, Unexpected state, HistOrgMain, no valid archive number
WCCILdata    (0), 2025.03.26 15:13:10.849, PARAM,WARNING,    54, Unexpected state, HistOrgMain, no internal archive dp specified in archive class of: -, parametrized dp in archive class is System1:_NGA_G_EVENT
WCCILdata    (0), 2025.03.26 15:13:10.849, SYS,  SEVERE,     54, Unexpected state, HistOrgMain, no valid archive number
WCCILdata    (0), 2025.03.26 15:13:10.850, PARAM,WARNING,    54, Unexpected state, HistOrgMain, no internal archive dp specified in archive class of: -, parametrized dp in archive class is System1:_NGA_G_EVENT
WCCILdata    (0), 2025.03.26 15:13:10.850, SYS,  SEVERE,     54, Unexpected state, HistOrgMain, no valid archive number
WCCILdata    (0), 2025.03.26 15:13:10.850, PARAM,WARNING,    54, Unexpected state, HistOrgMain, no internal archive dp specified in archive class of: -, parametrized dp in archive class is System1:_NGA_G_EVENT
WCCILdata    (0), 2025.03.26 15:13:10.850, SYS,  SEVERE,     54, Unexpected state, HistOrgMain, no valid archive number
WCCILdata    (0), 2025.03.26 15:13:10.850, PARAM,WARNING,    54, Unexpected state, HistOrgMain, no internal archive dp specified in archive class of: -, parametrized dp in archive class is System1:_NGA_G_EVENT
WCCILdata    (0), 2025.03.26 15:13:10.850, SYS,  SEVERE,     54, Unexpected state, HistOrgMain, no valid archive number
WCCILdata    (0), 2025.03.26 15:13:10.850, PARAM,WARNING,    54, Unexpected state, HistOrgMain, no internal archive dp specified in archive class of: -, parametrized dp in archive class is System1:_NGA_G_EVENT
WCCILdata    (0), 2025.03.26 15:13:10.850, SYS,  SEVERE,     54, Unexpected state, HistOrgMain, no valid archive number
WCCILdata    (0), 2025.03.26 15:13:10.850, PARAM,WARNING,    54, Unexpected state, HistOrgMain, no internal archive dp specified in archive class of: -, parametrized dp in archive class is System1:_NGA_G_EVENT
WCCILdata    (0), 2025.03.26 15:13:10.850, SYS,  SEVERE,     54, Unexpected state, HistOrgMain, no valid archive number
WCCILdata    (0), 2025.03.26 15:13:10.850, PARAM,WARNING,    54, Unexpected state, HistOrgMain, no internal archive dp specified in archive class of: -, parametrized dp in archive class is System1:_NGA_G_EVENT
WCCILdata    (0), 2025.03.26 15:13:10.850, SYS,  SEVERE,     54, Unexpected state, HistOrgMain, no valid archive number
WCCILdata    (0), 2025.03.26 15:13:10.850, PARAM,WARNING,    54, Unexpected state, HistOrgMain, no internal archive dp specified in archive class of: -, parametrized dp in archive class is System1:_NGA_G_EVENT
WCCILdata    (0), 2025.03.26 15:13:10.850, SYS,  SEVERE,     54, Unexpected state, HistOrgMain, no valid archive number
WCCILdata    (0), 2025.03.26 15:13:10.850, PARAM,WARNING,    54, Unexpected state, HistOrgMain, no internal archive dp specified in archive class of: -, parametrized dp in archive class is System1:_NGA_G_EVENT
WCCILdata    (0), 2025.03.26 15:13:10.851, SYS,  SEVERE,     54, Unexpected state, HistOrgMain, no valid archive number
WCCILdata    (0), 2025.03.26 15:13:10.851, PARAM,WARNING,    54, Unexpected state, HistOrgMain, no internal archive dp specified in archive class of: -, parametrized dp in archive class is System1:_NGA_G_EVENT
WCCILdata    (0), 2025.03.26 15:13:10.851, SYS,  SEVERE,     54, Unexpected state, HistOrgMain, no valid archive number
WCCILdata    (0), 2025.03.26 15:13:10.851, PARAM,WARNING,    54, Unexpected state, HistOrgMain, no internal archive dp specified in archive class of: -, parametrized dp in archive class is System1:_NGA_G_EVENT
WCCILdata    (0), 2025.03.26 15:13:10.851, SYS,  SEVERE,     54, Unexpected state, HistOrgMain, no valid archive number
WCCILdata    (0), 2025.03.26 15:13:10.851, PARAM,WARNING,    54, Unexpected state, HistOrgMain, no internal archive dp specified in archive class of: -, parametrized dp in archive class is System1:_NGA_G_EVENT
WCCILdata    (0), 2025.03.26 15:13:10.851, SYS,  SEVERE,     54, Unexpected state, HistOrgMain, no valid archive number
WCCILdata    (0), 2025.03.26 15:13:10.851, PARAM,WARNING,    54, Unexpected state, HistOrgMain, no internal archive dp specified in archive class of: -, parametrized dp in archive class is System1:_NGA_G_EVENT
WCCILdata    (0), 2025.03.26 15:13:10.851, SYS,  SEVERE,     54, Unexpected state, HistOrgMain, no valid archive number
WCCILdata    (0), 2025.03.26 15:13:10.852, PARAM,WARNING,    54, Unexpected state, HistOrgMain, no internal archive dp specified in archive class of: -, parametrized dp in archive class is System1:_NGA_G_EVENT
WCCILdata    (0), 2025.03.26 15:13:10.852, SYS,  SEVERE,     54, Unexpected state, HistOrgMain, no valid archive number
WCCILdata    (0), 2025.03.26 15:13:10.852, PARAM,WARNING,    54, Unexpected state, HistOrgMain, no internal archive dp specified in archive class of: -, parametrized dp in archive class is System1:_NGA_G_EVENT
WCCILdata    (0), 2025.03.26 15:13:10.852, SYS,  SEVERE,     54, Unexpected state, HistOrgMain, no valid archive number
WCCILdata    (0), 2025.03.26 15:13:10.852, PARAM,WARNING,    54, Unexpected state, HistOrgMain, no internal archive dp specified in archive class of: -, parametrized dp in archive class is System1:_NGA_G_EVENT
WCCILdata    (0), 2025.03.26 15:13:10.852, SYS,  SEVERE,     54, Unexpected state, HistOrgMain, no valid archive number
WCCILdata    (0), 2025.03.26 15:13:10.852, PARAM,WARNING,    54, Unexpected state, HistOrgMain, no internal archive dp specified in archive class of: -, parametrized dp in archive class is System1:_NGA_G_EVENT
WCCILdata    (0), 2025.03.26 15:13:10.852, SYS,  SEVERE,     54, Unexpected state, HistOrgMain, no valid archive number
WCCILdata    (0), 2025.03.26 15:13:10.852, PARAM,WARNING,    54, Unexpected state, HistOrgMain, no internal archive dp specified in archive class of: -, parametrized dp in archive class is System1:_NGA_G_EVENT
WCCILdata    (0), 2025.03.26 15:13:10.852, SYS,  SEVERE,     54, Unexpected state, HistOrgMain, no valid archive number
WCCILdata    (0), 2025.03.26 15:13:10.852, PARAM,WARNING,    54, Unexpected state, HistOrgMain, no internal archive dp specified in archive class of: -, parametrized dp in archive class is System1:_NGA_G_EVENT
WCCILdata    (0), 2025.03.26 15:13:10.852, SYS,  SEVERE,     54, Unexpected state, HistOrgMain, no valid archive number
WCCILdata    (0), 2025.03.26 15:13:10.852, PARAM,WARNING,    54, Unexpected state, HistOrgMain, no internal archive dp specified in archive class of: -, parametrized dp in archive class is System1:_NGA_G_EVENT
WCCILdata    (0), 2025.03.26 15:13:10.852, SYS,  SEVERE,     54, Unexpected state, HistOrgMain, no valid archive number
WCCILdata    (0), 2025.03.26 15:13:10.852, PARAM,WARNING,    54, Unexpected state, HistOrgMain, no internal archive dp specified in archive class of: -, parametrized dp in archive class is System1:_NGA_G_EVENT
WCCILdata    (0), 2025.03.26 15:13:10.852, SYS,  SEVERE,     54, Unexpected state, HistOrgMain, no valid archive number
WCCILdata    (0), 2025.03.26 15:13:10.853, PARAM,WARNING,    54, Unexpected state, HistOrgMain, no internal archive dp specified in archive class of: -, parametrized dp in archive class is System1:_NGA_G_EVENT
WCCILdata    (0), 2025.03.26 15:13:10.853, SYS,  SEVERE,     54, Unexpected state, HistOrgMain, no valid archive number
WCCILdata    (0), 2025.03.26 15:13:10.853, PARAM,WARNING,    54, Unexpected state, HistOrgMain, no internal archive dp specified in archive class of: -, parametrized dp in archive class is System1:_NGA_G_EVENT
WCCILdata    (0), 2025.03.26 15:13:10.853, SYS,  SEVERE,     54, Unexpected state, HistOrgMain, no valid archive number
WCCILdata    (0), 2025.03.26 15:13:10.853, PARAM,WARNING,    54, Unexpected state, HistOrgMain, no internal archive dp specified in archive class of: -, parametrized dp in archive class is System1:_NGA_G_EVENT
WCCILdata    (0), 2025.03.26 15:13:10.853, SYS,  SEVERE,     54, Unexpected state, HistOrgMain, no valid archive number
WCCILdata    (0), 2025.03.26 15:13:10.853, PARAM,WARNING,    54, Unexpected state, HistOrgMain, no internal archive dp specified in archive class of: -, parametrized dp in archive class is System1:_NGA_G_EVENT
WCCILdata    (0), 2025.03.26 15:13:10.853, SYS,  SEVERE,     54, Unexpected state, HistOrgMain, no valid archive number
WCCILdata    (0), 2025.03.26 15:13:10.853, PARAM,WARNING,    54, Unexpected state, HistOrgMain, no internal archive dp specified in archive class of: -, parametrized dp in archive class is System1:_NGA_G_EVENT
WCCILdata    (0), 2025.03.26 15:13:10.853, SYS,  SEVERE,     54, Unexpected state, HistOrgMain, no valid archive number
WCCILdata    (0), 2025.03.26 15:13:10.853, PARAM,WARNING,    54, Unexpected state, HistOrgMain, no internal archive dp specified in archive class of: -, parametrized dp in archive class is System1:_NGA_G_EVENT
WCCILdata    (0), 2025.03.26 15:13:10.853, SYS,  SEVERE,     54, Unexpected state, HistOrgMain, no valid archive number
WCCILdata    (0), 2025.03.26 15:13:10.854, PARAM,WARNING,    54, Unexpected state, HistOrgMain, no internal archive dp specified in archive class of: -, parametrized dp in archive class is System1:_NGA_G_EVENT
WCCILdata    (0), 2025.03.26 15:13:10.854, SYS,  SEVERE,     54, Unexpected state, HistOrgMain, no valid archive number
WCCILdata    (0), 2025.03.26 15:13:10.854, PARAM,WARNING,    54, Unexpected state, HistOrgMain, no internal archive dp specified in archive class of: -, parametrized dp in archive class is System1:_NGA_G_EVENT
WCCILdata    (0), 2025.03.26 15:13:10.854, SYS,  SEVERE,     54, Unexpected state, HistOrgMain, no valid archive number
WCCILdata    (0), 2025.03.26 15:13:10.854, PARAM,WARNING,    54, Unexpected state, HistOrgMain, no internal archive dp specified in archive class of: -, parametrized dp in archive class is System1:_NGA_G_EVENT
WCCILdata    (0), 2025.03.26 15:13:10.854, SYS,  SEVERE,     54, Unexpected state, HistOrgMain, no valid archive number
WCCILdata    (0), 2025.03.26 15:13:10.854, PARAM,WARNING,    54, Unexpected state, HistOrgMain, no internal archive dp specified in archive class of: -, parametrized dp in archive class is System1:_NGA_G_EVENT
WCCILdata    (0), 2025.03.26 15:13:10.854, SYS,  SEVERE,     54, Unexpected state, HistOrgMain, no valid archive number
WCCILdata    (0), 2025.03.26 15:13:10.854, PARAM,WARNING,    54, Unexpected state, HistOrgMain, no internal archive dp specified in archive class of: -, parametrized dp in archive class is System1:_NGA_G_EVENT
WCCILdata    (0), 2025.03.26 15:13:10.854, SYS,  SEVERE,     54, Unexpected state, HistOrgMain, no valid archive number
WCCILdata    (0), 2025.03.26 15:13:10.854, PARAM,WARNING,    54, Unexpected state, HistOrgMain, no internal archive dp specified in archive class of: -, parametrized dp in archive class is System1:_NGA_G_EVENT
WCCILdata    (0), 2025.03.26 15:13:10.854, SYS,  SEVERE,     54, Unexpected state, HistOrgMain, no valid archive number
WCCILdata    (0), 2025.03.26 15:13:10.855, PARAM,WARNING,    54, Unexpected state, HistOrgMain, no internal archive dp specified in archive class of: -, parametrized dp in archive class is System1:_NGA_G_EVENT
WCCILdata    (0), 2025.03.26 15:13:10.855, SYS,  SEVERE,     54, Unexpected state, HistOrgMain, no valid archive number
WCCILdata    (0), 2025.03.26 15:13:10.855, PARAM,WARNING,    54, Unexpected state, HistOrgMain, no internal archive dp specified in archive class of: -, parametrized dp in archive class is System1:_NGA_G_EVENT
WCCILdata    (0), 2025.03.26 15:13:10.855, SYS,  SEVERE,     54, Unexpected state, HistOrgMain, no valid archive number
WCCILdata    (0), 2025.03.26 15:13:10.855, PARAM,WARNING,    54, Unexpected state, HistOrgMain, no internal archive dp specified in archive class of: -, parametrized dp in archive class is System1:_NGA_G_EVENT
WCCILdata    (0), 2025.03.26 15:13:10.855, SYS,  SEVERE,     54, Unexpected state, HistOrgMain, no valid archive number
WCCILdata    (0), 2025.03.26 15:13:10.855, PARAM,WARNING,    54, Unexpected state, HistOrgMain, no internal archive dp specified in archive class of: -, parametrized dp in archive class is System1:_NGA_G_EVENT
WCCILdata    (0), 2025.03.26 15:13:10.855, SYS,  SEVERE,     54, Unexpected state, HistOrgMain, no valid archive number
WCCILdata    (0), 2025.03.26 15:13:10.855, PARAM,WARNING,    54, Unexpected state, HistOrgMain, no internal archive dp specified in archive class of: -, parametrized dp in archive class is System1:_NGA_G_EVENT
WCCILdata    (0), 2025.03.26 15:13:10.855, SYS,  SEVERE,     54, Unexpected state, HistOrgMain, no valid archive number
WCCILdata    (0), 2025.03.26 15:13:10.855, PARAM,WARNING,    54, Unexpected state, HistOrgMain, no internal archive dp specified in archive class of: -, parametrized dp in archive class is System1:_NGA_G_EVENT
WCCILdata    (0), 2025.03.26 15:13:10.855, SYS,  SEVERE,     54, Unexpected state, HistOrgMain, no valid archive number
WCCILdata    (0), 2025.03.26 15:13:10.855, PARAM,WARNING,    54, Unexpected state, HistOrgMain, no internal archive dp specified in archive class of: -, parametrized dp in archive class is System1:_NGA_G_EVENT
WCCILdata    (0), 2025.03.26 15:13:10.855, SYS,  SEVERE,     54, Unexpected state, HistOrgMain, no valid archive number
WCCILdata    (0), 2025.03.26 15:13:10.855, PARAM,WARNING,    54, Unexpected state, HistOrgMain, no internal archive dp specified in archive class of: -, parametrized dp in archive class is System1:_NGA_G_EVENT
WCCILdata    (0), 2025.03.26 15:13:10.855, SYS,  SEVERE,     54, Unexpected state, HistOrgMain, no valid archive number
WCCILdata    (0), 2025.03.26 15:13:10.856, PARAM,WARNING,    54, Unexpected state, HistOrgMain, no internal archive dp specified in archive class of: -, parametrized dp in archive class is System1:_NGA_G_EVENT
WCCILdata    (0), 2025.03.26 15:13:10.856, SYS,  SEVERE,     54, Unexpected state, HistOrgMain, no valid archive number
WCCILdata    (0), 2025.03.26 15:13:10.856, PARAM,WARNING,    54, Unexpected state, HistOrgMain, no internal archive dp specified in archive class of: -, parametrized dp in archive class is System1:_NGA_G_EVENT
WCCILdata    (0), 2025.03.26 15:13:10.856, SYS,  SEVERE,     54, Unexpected state, HistOrgMain, no valid archive number
WCCILdata    (0), 2025.03.26 15:13:10.856, PARAM,WARNING,    54, Unexpected state, HistOrgMain, no internal archive dp specified in archive class of: -, parametrized dp in archive class is System1:_NGA_G_EVENT
WCCILdata    (0), 2025.03.26 15:13:10.856, SYS,  SEVERE,     54, Unexpected state, HistOrgMain, no valid archive number
WCCILdata    (0), 2025.03.26 15:13:10.856, PARAM,WARNING,    54, Unexpected state, HistOrgMain, no internal archive dp specified in archive class of: -, parametrized dp in archive class is System1:_NGA_G_EVENT
WCCILdata    (0), 2025.03.26 15:13:10.856, SYS,  SEVERE,     54, Unexpected state, HistOrgMain, no valid archive number
WCCILdata    (0), 2025.03.26 15:13:10.856, PARAM,WARNING,    54, Unexpected state, HistOrgMain, no internal archive dp specified in archive class of: -, parametrized dp in archive class is System1:_NGA_G_EVENT
WCCILdata    (0), 2025.03.26 15:13:10.856, SYS,  SEVERE,     54, Unexpected state, HistOrgMain, no valid archive number
WCCILdata    (0), 2025.03.26 15:13:10.856, PARAM,WARNING,    54, Unexpected state, HistOrgMain, no internal archive dp specified in archive class of: -, parametrized dp in archive class is System1:_NGA_G_EVENT
WCCILdata    (0), 2025.03.26 15:13:10.856, SYS,  SEVERE,     54, Unexpected state, HistOrgMain, no valid archive number
WCCILdata    (0), 2025.03.26 15:13:10.856, PARAM,WARNING,    54, Unexpected state, HistOrgMain, no internal archive dp specified in archive class of: -, parametrized dp in archive class is System1:_NGA_G_EVENT
WCCILdata    (0), 2025.03.26 15:13:10.856, SYS,  SEVERE,     54, Unexpected state, HistOrgMain, no valid archive number
WCCILdata    (0), 2025.03.26 15:13:10.856, PARAM,WARNING,    54, Unexpected state, HistOrgMain, no internal archive dp specified in archive class of: -, parametrized dp in archive class is System1:_NGA_G_EVENT
WCCILdata    (0), 2025.03.26 15:13:10.856, SYS,  SEVERE,     54, Unexpected state, HistOrgMain, no valid archive number
WCCILdata    (0), 2025.03.26 15:13:10.857, PARAM,WARNING,    54, Unexpected state, HistOrgMain, no internal archive dp specified in archive class of: -, parametrized dp in archive class is System1:_NGA_G_EVENT
WCCILdata    (0), 2025.03.26 15:13:10.857, SYS,  SEVERE,     54, Unexpected state, HistOrgMain, no valid archive number
WCCILdata    (0), 2025.03.26 15:13:10.857, PARAM,WARNING,    54, Unexpected state, HistOrgMain, no internal archive dp specified in archive class of: -, parametrized dp in archive class is System1:_NGA_G_EVENT
WCCILdata    (0), 2025.03.26 15:13:10.857, SYS,  SEVERE,     54, Unexpected state, HistOrgMain, no valid archive number
WCCILdata    (0), 2025.03.26 15:13:10.857, PARAM,WARNING,    54, Unexpected state, HistOrgMain, no internal archive dp specified in archive class of: -, parametrized dp in archive class is System1:_NGA_G_EVENT
WCCILdata    (0), 2025.03.26 15:13:10.857, SYS,  SEVERE,     54, Unexpected state, HistOrgMain, no valid archive number
WCCILdata    (0), 2025.03.26 15:13:10.857, PARAM,WARNING,    54, Unexpected state, HistOrgMain, no internal archive dp specified in archive class of: -, parametrized dp in archive class is System1:_NGA_G_EVENT
WCCILdata    (0), 2025.03.26 15:13:10.857, SYS,  SEVERE,     54, Unexpected state, HistOrgMain, no valid archive number
WCCILdata    (0), 2025.03.26 15:13:10.857, PARAM,WARNING,    54, Unexpected state, HistOrgMain, no internal archive dp specified in archive class of: -, parametrized dp in archive class is System1:_NGA_G_EVENT
WCCILdata    (0), 2025.03.26 15:13:10.857, SYS,  SEVERE,     54, Unexpected state, HistOrgMain, no valid archive number
WCCILdata    (0), 2025.03.26 15:13:10.857, PARAM,WARNING,    54, Unexpected state, HistOrgMain, no internal archive dp specified in archive class of: -, parametrized dp in archive class is System1:_NGA_G_EVENT
WCCILdata    (0), 2025.03.26 15:13:10.857, SYS,  SEVERE,     54, Unexpected state, HistOrgMain, no valid archive number
WCCILdata    (0), 2025.03.26 15:13:10.858, PARAM,WARNING,    54, Unexpected state, HistOrgMain, no internal archive dp specified in archive class of: -, parametrized dp in archive class is System1:_NGA_G_EVENT
WCCILdata    (0), 2025.03.26 15:13:10.858, SYS,  SEVERE,     54, Unexpected state, HistOrgMain, no valid archive number
WCCILdata    (0), 2025.03.26 15:13:10.858, PARAM,WARNING,    54, Unexpected state, HistOrgMain, no internal archive dp specified in archive class of: -, parametrized dp in archive class is System1:_NGA_G_EVENT
WCCILdata    (0), 2025.03.26 15:13:10.858, SYS,  SEVERE,     54, Unexpected state, HistOrgMain, no valid archive number
WCCILdata    (0), 2025.03.26 15:13:10.858, PARAM,WARNING,    54, Unexpected state, HistOrgMain, no internal archive dp specified in archive class of: -, parametrized dp in archive class is System1:_NGA_G_EVENT
WCCILdata    (0), 2025.03.26 15:13:10.858, SYS,  SEVERE,     54, Unexpected state, HistOrgMain, no valid archive number
WCCILdata    (0), 2025.03.26 15:13:10.858, PARAM,WARNING,    54, Unexpected state, HistOrgMain, no internal archive dp specified in archive class of: -, parametrized dp in archive class is System1:_NGA_G_EVENT
WCCILdata    (0), 2025.03.26 15:13:10.858, SYS,  SEVERE,     54, Unexpected state, HistOrgMain, no valid archive number
WCCILdata    (0), 2025.03.26 15:13:10.858, PARAM,WARNING,    54, Unexpected state, HistOrgMain, no internal archive dp specified in archive class of: -, parametrized dp in archive class is System1:_NGA_G_EVENT
WCCILdata    (0), 2025.03.26 15:13:10.858, SYS,  SEVERE,     54, Unexpected state, HistOrgMain, no valid archive number
WCCILdata    (0), 2025.03.26 15:13:10.858, PARAM,WARNING,    54, Unexpected state, HistOrgMain, no internal archive dp specified in archive class of: -, parametrized dp in archive class is System1:_NGA_G_EVENT
WCCILdata    (0), 2025.03.26 15:13:10.858, SYS,  SEVERE,     54, Unexpected state, HistOrgMain, no valid archive number
WCCILdata    (0), 2025.03.26 15:13:10.858, PARAM,WARNING,    54, Unexpected state, HistOrgMain, no internal archive dp specified in archive class of: -, parametrized dp in archive class is System1:_NGA_G_EVENT
WCCILdata    (0), 2025.03.26 15:13:10.859, SYS,  SEVERE,     54, Unexpected state, HistOrgMain, no valid archive number
WCCILdata    (0), 2025.03.26 15:13:10.859, PARAM,WARNING,    54, Unexpected state, HistOrgMain, no internal archive dp specified in archive class of: -, parametrized dp in archive class is System1:_NGA_G_EVENT
WCCILdata    (0), 2025.03.26 15:13:10.859, SYS,  SEVERE,     54, Unexpected state, HistOrgMain, no valid archive number
WCCILdata    (0), 2025.03.26 15:13:10.859, PARAM,WARNING,    54, Unexpected state, HistOrgMain, no internal archive dp specified in archive class of: -, parametrized dp in archive class is System1:_NGA_G_EVENT
WCCILdata    (0), 2025.03.26 15:13:10.859, SYS,  SEVERE,     54, Unexpected state, HistOrgMain, no valid archive number
WCCILdata    (0), 2025.03.26 15:13:10.859, PARAM,WARNING,    54, Unexpected state, HistOrgMain, no internal archive dp specified in archive class of: -, parametrized dp in archive class is System1:_NGA_G_EVENT
WCCILdata    (0), 2025.03.26 15:13:10.859, SYS,  SEVERE,     54, Unexpected state, HistOrgMain, no valid archive number
WCCILdata    (0), 2025.03.26 15:13:10.859, PARAM,WARNING,    54, Unexpected state, HistOrgMain, no internal archive dp specified in archive class of: -, parametrized dp in archive class is System1:_NGA_G_EVENT
WCCILdata    (0), 2025.03.26 15:13:10.859, SYS,  SEVERE,     54, Unexpected state, HistOrgMain, no valid archive number
WCCILdata    (0), 2025.03.26 15:13:10.859, PARAM,WARNING,    54, Unexpected state, HistOrgMain, no internal archive dp specified in archive class of: -, parametrized dp in archive class is System1:_NGA_G_EVENT
WCCILdata    (0), 2025.03.26 15:13:10.859, SYS,  SEVERE,     54, Unexpected state, HistOrgMain, no valid archive number
WCCILdata    (0), 2025.03.26 15:13:10.859, PARAM,WARNING,    54, Unexpected state, HistOrgMain, no internal archive dp specified in archive class of: -, parametrized dp in archive class is System1:_NGA_G_EVENT
WCCILdata    (0), 2025.03.26 15:13:10.859, SYS,  SEVERE,     54, Unexpected state, HistOrgMain, no valid archive number
WCCILdata    (0), 2025.03.26 15:13:10.859, PARAM,WARNING,    54, Unexpected state, HistOrgMain, no internal archive dp specified in archive class of: -, parametrized dp in archive class is System1:_NGA_G_EVENT
WCCILdata    (0), 2025.03.26 15:13:10.859, SYS,  SEVERE,     54, Unexpected state, HistOrgMain, no valid archive number
WCCILdata    (0), 2025.03.26 15:13:10.859, PARAM,WARNING,    54, Unexpected state, HistOrgMain, no internal archive dp specified in archive class of: -, parametrized dp in archive class is System1:_NGA_G_EVENT
WCCILdata    (0), 2025.03.26 15:13:10.859, SYS,  SEVERE,     54, Unexpected state, HistOrgMain, no valid archive number
WCCILdata    (0), 2025.03.26 15:13:10.859, PARAM,WARNING,    54, Unexpected state, HistOrgMain, no internal archive dp specified in archive class of: -, parametrized dp in archive class is System1:_NGA_G_EVENT
WCCILdata    (0), 2025.03.26 15:13:10.859, SYS,  SEVERE,     54, Unexpected state, HistOrgMain, no valid archive number
WCCILdata    (0), 2025.03.26 15:13:10.860, PARAM,WARNING,    54, Unexpected state, HistOrgMain, no internal archive dp specified in archive class of: -, parametrized dp in archive class is System1:_NGA_G_EVENT
WCCILdata    (0), 2025.03.26 15:13:10.860, SYS,  SEVERE,     54, Unexpected state, HistOrgMain, no valid archive number
WCCILdata    (0), 2025.03.26 15:13:10.860, PARAM,WARNING,    54, Unexpected state, HistOrgMain, no internal archive dp specified in archive class of: -, parametrized dp in archive class is System1:_NGA_G_EVENT
WCCILdata    (0), 2025.03.26 15:13:10.860, SYS,  SEVERE,     54, Unexpected state, HistOrgMain, no valid archive number
WCCILdata    (0), 2025.03.26 15:13:10.860, PARAM,WARNING,    54, Unexpected state, HistOrgMain, no internal archive dp specified in archive class of: -, parametrized dp in archive class is System1:_NGA_G_EVENT
WCCILdata    (0), 2025.03.26 15:13:10.860, SYS,  SEVERE,     54, Unexpected state, HistOrgMain, no valid archive number
WCCILdata    (0), 2025.03.26 15:13:10.860, PARAM,WARNING,    54, Unexpected state, HistOrgMain, no internal archive dp specified in archive class of: -, parametrized dp in archive class is System1:_NGA_G_EVENT
WCCILdata    (0), 2025.03.26 15:13:10.860, SYS,  SEVERE,     54, Unexpected state, HistOrgMain, no valid archive number
WCCILdata    (0), 2025.03.26 15:13:10.860, PARAM,WARNING,    54, Unexpected state, HistOrgMain, no internal archive dp specified in archive class of: -, parametrized dp in archive class is System1:_NGA_G_EVENT
WCCILdata    (0), 2025.03.26 15:13:10.860, SYS,  SEVERE,     54, Unexpected state, HistOrgMain, no valid archive number
WCCILdata    (0), 2025.03.26 15:13:10.860, PARAM,WARNING,    54, Unexpected state, HistOrgMain, no internal archive dp specified in archive class of: -, parametrized dp in archive class is System1:_NGA_G_EVENT
WCCILdata    (0), 2025.03.26 15:13:10.860, SYS,  SEVERE,     54, Unexpected state, HistOrgMain, no valid archive number
WCCILdata    (0), 2025.03.26 15:13:10.861, PARAM,WARNING,    54, Unexpected state, HistOrgMain, no internal archive dp specified in archive class of: -, parametrized dp in archive class is System1:_NGA_G_EVENT
WCCILdata    (0), 2025.03.26 15:13:10.861, SYS,  SEVERE,     54, Unexpected state, HistOrgMain, no valid archive number
WCCILdata    (0), 2025.03.26 15:13:10.861, PARAM,WARNING,    54, Unexpected state, HistOrgMain, no internal archive dp specified in archive class of: -, parametrized dp in archive class is System1:_NGA_G_EVENT
WCCILdata    (0), 2025.03.26 15:13:10.861, SYS,  SEVERE,     54, Unexpected state, HistOrgMain, no valid archive number
WCCILdata    (0), 2025.03.26 15:13:10.861, PARAM,WARNING,    54, Unexpected state, HistOrgMain, no internal archive dp specified in archive class of: -, parametrized dp in archive class is System1:_NGA_G_EVENT
WCCILdata    (0), 2025.03.26 15:13:10.861, SYS,  SEVERE,     54, Unexpected state, HistOrgMain, no valid archive number
WCCILdata    (0), 2025.03.26 15:13:10.861, PARAM,WARNING,    54, Unexpected state, HistOrgMain, no internal archive dp specified in archive class of: -, parametrized dp in archive class is System1:_NGA_G_EVENT
WCCILdata    (0), 2025.03.26 15:13:10.861, SYS,  SEVERE,     54, Unexpected state, HistOrgMain, no valid archive number
WCCILdata    (0), 2025.03.26 15:13:10.861, PARAM,WARNING,    54, Unexpected state, HistOrgMain, no internal archive dp specified in archive class of: -, parametrized dp in archive class is System1:_NGA_G_EVENT
WCCILdata    (0), 2025.03.26 15:13:10.861, SYS,  SEVERE,     54, Unexpected state, HistOrgMain, no valid archive number
WCCILdata    (0), 2025.03.26 15:13:10.861, PARAM,WARNING,    54, Unexpected state, HistOrgMain, no internal archive dp specified in archive class of: -, parametrized dp in archive class is System1:_NGA_G_EVENT
WCCILdata    (0), 2025.03.26 15:13:10.861, SYS,  SEVERE,     54, Unexpected state, HistOrgMain, no valid archive number
WCCILdata    (0), 2025.03.26 15:13:10.862, PARAM,WARNING,    54, Unexpected state, HistOrgMain, no internal archive dp specified in archive class of: -, parametrized dp in archive class is System1:_NGA_G_EVENT
WCCILdata    (0), 2025.03.26 15:13:10.862, SYS,  SEVERE,     54, Unexpected state, HistOrgMain, no valid archive number
WCCILdata    (0), 2025.03.26 15:13:10.862, PARAM,WARNING,    54, Unexpected state, HistOrgMain, no internal archive dp specified in archive class of: -, parametrized dp in archive class is System1:_NGA_G_EVENT
WCCILdata    (0), 2025.03.26 15:13:10.862, SYS,  SEVERE,     54, Unexpected state, HistOrgMain, no valid archive number
WCCILdata    (0), 2025.03.26 15:13:10.862, PARAM,WARNING,    54, Unexpected state, HistOrgMain, no internal archive dp specified in archive class of: -, parametrized dp in archive class is System1:_NGA_G_EVENT
WCCILdata    (0), 2025.03.26 15:13:10.862, SYS,  SEVERE,     54, Unexpected state, HistOrgMain, no valid archive number
WCCILdata    (0), 2025.03.26 15:13:10.862, PARAM,WARNING,    54, Unexpected state, HistOrgMain, no internal archive dp specified in archive class of: -, parametrized dp in archive class is System1:_NGA_G_EVENT
WCCILdata    (0), 2025.03.26 15:13:10.862, SYS,  SEVERE,     54, Unexpected state, HistOrgMain, no valid archive number
WCCILdata    (0), 2025.03.26 15:13:10.862, PARAM,WARNING,    54, Unexpected state, HistOrgMain, no internal archive dp specified in archive class of: -, parametrized dp in archive class is System1:_NGA_G_EVENT
WCCILdata    (0), 2025.03.26 15:13:10.862, SYS,  SEVERE,     54, Unexpected state, HistOrgMain, no valid archive number
WCCILdata    (0), 2025.03.26 15:13:10.862, PARAM,WARNING,    54, Unexpected state, HistOrgMain, no internal archive dp specified in archive class of: -, parametrized dp in archive class is System1:_NGA_G_EVENT
WCCILdata    (0), 2025.03.26 15:13:10.862, SYS,  SEVERE,     54, Unexpected state, HistOrgMain, no valid archive number
WCCILdata    (0), 2025.03.26 15:13:10.862, PARAM,WARNING,    54, Unexpected state, HistOrgMain, no internal archive dp specified in archive class of: -, parametrized dp in archive class is System1:_NGA_G_EVENT
WCCILdata    (0), 2025.03.26 15:13:10.862, SYS,  SEVERE,     54, Unexpected state, HistOrgMain, no valid archive number
WCCILdata    (0), 2025.03.26 15:13:10.862, PARAM,WARNING,    54, Unexpected state, HistOrgMain, no internal archive dp specified in archive class of: -, parametrized dp in archive class is System1:_NGA_G_EVENT
WCCILdata    (0), 2025.03.26 15:13:10.862, SYS,  SEVERE,     54, Unexpected state, HistOrgMain, no valid archive number
WCCILdata    (0), 2025.03.26 15:13:10.863, PARAM,WARNING,    54, Unexpected state, HistOrgMain, no internal archive dp specified in archive class of: -, parametrized dp in archive class is System1:_NGA_G_EVENT
WCCILdata    (0), 2025.03.26 15:13:10.863, SYS,  SEVERE,     54, Unexpected state, HistOrgMain, no valid archive number
WCCILdata    (0), 2025.03.26 15:13:10.863, PARAM,WARNING,    54, Unexpected state, HistOrgMain, no internal archive dp specified in archive class of: -, parametrized dp in archive class is System1:_NGA_G_EVENT
WCCILdata    (0), 2025.03.26 15:13:10.863, SYS,  SEVERE,     54, Unexpected state, HistOrgMain, no valid archive number
WCCILdata    (0), 2025.03.26 15:13:10.863, PARAM,WARNING,    54, Unexpected state, HistOrgMain, no internal archive dp specified in archive class of: -, parametrized dp in archive class is System1:_NGA_G_EVENT
WCCILdata    (0), 2025.03.26 15:13:10.863, SYS,  SEVERE,     54, Unexpected state, HistOrgMain, no valid archive number
WCCILdata    (0), 2025.03.26 15:13:10.863, PARAM,WARNING,    54, Unexpected state, HistOrgMain, no internal archive dp specified in archive class of: -, parametrized dp in archive class is System1:_NGA_G_EVENT
WCCILdata    (0), 2025.03.26 15:13:10.863, SYS,  SEVERE,     54, Unexpected state, HistOrgMain, no valid archive number
WCCILdata    (0), 2025.03.26 15:13:10.863, PARAM,WARNING,    54, Unexpected state, HistOrgMain, no internal archive dp specified in archive class of: -, parametrized dp in archive class is System1:_NGA_G_EVENT
WCCILdata    (0), 2025.03.26 15:13:10.863, SYS,  SEVERE,     54, Unexpected state, HistOrgMain, no valid archive number
WCCILdata    (0), 2025.03.26 15:13:10.863, PARAM,WARNING,    54, Unexpected state, HistOrgMain, no internal archive dp specified in archive class of: -, parametrized dp in archive class is System1:_NGA_G_EVENT
WCCILdata    (0), 2025.03.26 15:13:10.863, SYS,  SEVERE,     54, Unexpected state, HistOrgMain, no valid archive number
WCCILdata    (0), 2025.03.26 15:13:10.863, PARAM,WARNING,    54, Unexpected state, HistOrgMain, no internal archive dp specified in archive class of: -, parametrized dp in archive class is System1:_NGA_G_EVENT
WCCILdata    (0), 2025.03.26 15:13:10.863, SYS,  SEVERE,     54, Unexpected state, HistOrgMain, no valid archive number
WCCILdata    (0), 2025.03.26 15:13:10.864, PARAM,WARNING,    54, Unexpected state, HistOrgMain, no internal archive dp specified in archive class of: -, parametrized dp in archive class is System1:_NGA_G_EVENT
WCCILdata    (0), 2025.03.26 15:13:10.864, SYS,  SEVERE,     54, Unexpected state, HistOrgMain, no valid archive number
WCCILdata    (0), 2025.03.26 15:13:10.864, PARAM,WARNING,    54, Unexpected state, HistOrgMain, no internal archive dp specified in archive class of: -, parametrized dp in archive class is System1:_NGA_G_EVENT
WCCILdata    (0), 2025.03.26 15:13:10.864, SYS,  SEVERE,     54, Unexpected state, HistOrgMain, no valid archive number
WCCILdata    (0), 2025.03.26 15:13:10.864, PARAM,WARNING,    54, Unexpected state, HistOrgMain, no internal archive dp specified in archive class of: -, parametrized dp in archive class is System1:_NGA_G_EVENT
WCCILdata    (0), 2025.03.26 15:13:10.864, SYS,  SEVERE,     54, Unexpected state, HistOrgMain, no valid archive number
WCCILdata    (0), 2025.03.26 15:13:10.864, PARAM,WARNING,    54, Unexpected state, HistOrgMain, no internal archive dp specified in archive class of: -, parametrized dp in archive class is System1:_NGA_G_EVENT
WCCILdata    (0), 2025.03.26 15:13:10.864, SYS,  SEVERE,     54, Unexpected state, HistOrgMain, no valid archive number
WCCILdata    (0), 2025.03.26 15:13:10.864, PARAM,WARNING,    54, Unexpected state, HistOrgMain, no internal archive dp specified in archive class of: -, parametrized dp in archive class is System1:_NGA_G_EVENT
WCCILdata    (0), 2025.03.26 15:13:10.864, SYS,  SEVERE,     54, Unexpected state, HistOrgMain, no valid archive number
WCCILdata    (0), 2025.03.26 15:13:10.864, PARAM,WARNING,    54, Unexpected state, HistOrgMain, no internal archive dp specified in archive class of: -, parametrized dp in archive class is System1:_NGA_G_EVENT
WCCILdata    (0), 2025.03.26 15:13:10.864, SYS,  SEVERE,     54, Unexpected state, HistOrgMain, no valid archive number
WCCILdata    (0), 2025.03.26 15:13:10.865, PARAM,WARNING,    54, Unexpected state, HistOrgMain, no internal archive dp specified in archive class of: -, parametrized dp in archive class is System1:_NGA_G_EVENT
WCCILdata    (0), 2025.03.26 15:13:10.865, SYS,  SEVERE,     54, Unexpected state, HistOrgMain, no valid archive number
WCCILdata    (0), 2025.03.26 15:13:10.865, PARAM,WARNING,    54, Unexpected state, HistOrgMain, no internal archive dp specified in archive class of: -, parametrized dp in archive class is System1:_NGA_G_EVENT
WCCILdata    (0), 2025.03.26 15:13:10.865, SYS,  SEVERE,     54, Unexpected state, HistOrgMain, no valid archive number
WCCILdata    (0), 2025.03.26 15:13:10.865, PARAM,WARNING,    54, Unexpected state, HistOrgMain, no internal archive dp specified in archive class of: -, parametrized dp in archive class is System1:_NGA_G_EVENT
WCCILdata    (0), 2025.03.26 15:13:10.865, SYS,  SEVERE,     54, Unexpected state, HistOrgMain, no valid archive number
WCCILdata    (0), 2025.03.26 15:13:10.865, PARAM,WARNING,    54, Unexpected state, HistOrgMain, no internal archive dp specified in archive class of: -, parametrized dp in archive class is System1:_NGA_G_EVENT
WCCILdata    (0), 2025.03.26 15:13:10.865, SYS,  SEVERE,     54, Unexpected state, HistOrgMain, no valid archive number
WCCILdata    (0), 2025.03.26 15:13:10.865, PARAM,WARNING,    54, Unexpected state, HistOrgMain, no internal archive dp specified in archive class of: -, parametrized dp in archive class is System1:_NGA_G_EVENT
WCCILdata    (0), 2025.03.26 15:13:10.865, SYS,  SEVERE,     54, Unexpected state, HistOrgMain, no valid archive number
WCCILdata    (0), 2025.03.26 15:13:10.865, PARAM,WARNING,    54, Unexpected state, HistOrgMain, no internal archive dp specified in archive class of: -, parametrized dp in archive class is System1:_NGA_G_EVENT
WCCILdata    (0), 2025.03.26 15:13:10.865, SYS,  SEVERE,     54, Unexpected state, HistOrgMain, no valid archive number
WCCILdata    (0), 2025.03.26 15:13:10.865, PARAM,WARNING,    54, Unexpected state, HistOrgMain, no internal archive dp specified in archive class of: -, parametrized dp in archive class is System1:_NGA_G_EVENT
WCCILdata    (0), 2025.03.26 15:13:10.865, SYS,  SEVERE,     54, Unexpected state, HistOrgMain, no valid archive number
WCCILdata    (0), 2025.03.26 15:13:10.866, PARAM,WARNING,    54, Unexpected state, HistOrgMain, no internal archive dp specified in archive class of: -, parametrized dp in archive class is System1:_NGA_G_EVENT
WCCILdata    (0), 2025.03.26 15:13:10.866, SYS,  SEVERE,     54, Unexpected state, HistOrgMain, no valid archive number
WCCILdata    (0), 2025.03.26 15:13:10.866, PARAM,WARNING,    54, Unexpected state, HistOrgMain, no internal archive dp specified in archive class of: -, parametrized dp in archive class is System1:_NGA_G_EVENT
WCCILdata    (0), 2025.03.26 15:13:10.866, SYS,  SEVERE,     54, Unexpected state, HistOrgMain, no valid archive number
WCCILdata    (0), 2025.03.26 15:13:10.866, PARAM,WARNING,    54, Unexpected state, HistOrgMain, no internal archive dp specified in archive class of: -, parametrized dp in archive class is System1:_NGA_G_EVENT
WCCILdata    (0), 2025.03.26 15:13:10.866, SYS,  SEVERE,     54, Unexpected state, HistOrgMain, no valid archive number
WCCILdata    (0), 2025.03.26 15:13:10.866, PARAM,WARNING,    54, Unexpected state, HistOrgMain, no internal archive dp specified in archive class of: -, parametrized dp in archive class is System1:_NGA_G_EVENT
WCCILdata    (0), 2025.03.26 15:13:10.866, SYS,  SEVERE,     54, Unexpected state, HistOrgMain, no valid archive number
WCCILdata    (0), 2025.03.26 15:13:10.866, PARAM,WARNING,    54, Unexpected state, HistOrgMain, no internal archive dp specified in archive class of: -, parametrized dp in archive class is System1:_NGA_G_EVENT
WCCILdata    (0), 2025.03.26 15:13:10.866, SYS,  SEVERE,     54, Unexpected state, HistOrgMain, no valid archive number
WCCILdata    (0), 2025.03.26 15:13:10.866, PARAM,WARNING,    54, Unexpected state, HistOrgMain, no internal archive dp specified in archive class of: -, parametrized dp in archive class is System1:_NGA_G_EVENT
WCCILdata    (0), 2025.03.26 15:13:10.866, SYS,  SEVERE,     54, Unexpected state, HistOrgMain, no valid archive number
WCCILdata    (0), 2025.03.26 15:13:10.866, PARAM,WARNING,    54, Unexpected state, HistOrgMain, no internal archive dp specified in archive class of: -, parametrized dp in archive class is System1:_NGA_G_EVENT
WCCILdata    (0), 2025.03.26 15:13:10.866, SYS,  SEVERE,     54, Unexpected state, HistOrgMain, no valid archive number
WCCILdata    (0), 2025.03.26 15:13:10.866, PARAM,WARNING,    54, Unexpected state, HistOrgMain, no internal archive dp specified in archive class of: -, parametrized dp in archive class is System1:_NGA_G_EVENT
WCCILdata    (0), 2025.03.26 15:13:10.866, SYS,  SEVERE,     54, Unexpected state, HistOrgMain, no valid archive number
WCCILdata    (0), 2025.03.26 15:13:10.866, PARAM,WARNING,    54, Unexpected state, HistOrgMain, no internal archive dp specified in archive class of: -, parametrized dp in archive class is System1:_NGA_G_EVENT
WCCILdata    (0), 2025.03.26 15:13:10.866, SYS,  SEVERE,     54, Unexpected state, HistOrgMain, no valid archive number
WCCILdata    (0), 2025.03.26 15:13:10.867, PARAM,WARNING,    54, Unexpected state, HistOrgMain, no internal archive dp specified in archive class of: -, parametrized dp in archive class is System1:_NGA_G_EVENT
WCCILdata    (0), 2025.03.26 15:13:10.867, SYS,  SEVERE,     54, Unexpected state, HistOrgMain, no valid archive number
WCCILdata    (0), 2025.03.26 15:13:10.867, PARAM,WARNING,    54, Unexpected state, HistOrgMain, no internal archive dp specified in archive class of: -, parametrized dp in archive class is System1:_NGA_G_EVENT
WCCILdata    (0), 2025.03.26 15:13:10.867, SYS,  SEVERE,     54, Unexpected state, HistOrgMain, no valid archive number
WCCILdata    (0), 2025.03.26 15:13:10.867, PARAM,WARNING,    54, Unexpected state, HistOrgMain, no internal archive dp specified in archive class of: -, parametrized dp in archive class is System1:_NGA_G_EVENT
WCCILdata    (0), 2025.03.26 15:13:10.867, SYS,  SEVERE,     54, Unexpected state, HistOrgMain, no valid archive number
WCCILdata    (0), 2025.03.26 15:13:10.867, PARAM,WARNING,    54, Unexpected state, HistOrgMain, no internal archive dp specified in archive class of: -, parametrized dp in archive class is System1:_NGA_G_EVENT
WCCILdata    (0), 2025.03.26 15:13:10.867, SYS,  SEVERE,     54, Unexpected state, HistOrgMain, no valid archive number
WCCILdata    (0), 2025.03.26 15:13:10.867, PARAM,WARNING,    54, Unexpected state, HistOrgMain, no internal archive dp specified in archive class of: -, parametrized dp in archive class is System1:_NGA_G_EVENT
WCCILdata    (0), 2025.03.26 15:13:10.867, SYS,  SEVERE,     54, Unexpected state, HistOrgMain, no valid archive number
WCCILdata    (0), 2025.03.26 15:13:10.867, PARAM,WARNING,    54, Unexpected state, HistOrgMain, no internal archive dp specified in archive class of: -, parametrized dp in archive class is System1:_NGA_G_EVENT
WCCILdata    (0), 2025.03.26 15:13:10.867, SYS,  SEVERE,     54, Unexpected state, HistOrgMain, no valid archive number
WCCILdata    (0), 2025.03.26 15:13:10.867, PARAM,WARNING,    54, Unexpected state, HistOrgMain, no internal archive dp specified in archive class of: -, parametrized dp in archive class is System1:_NGA_G_EVENT
WCCILdata    (0), 2025.03.26 15:13:10.867, SYS,  SEVERE,     54, Unexpected state, HistOrgMain, no valid archive number
WCCILdata    (0), 2025.03.26 15:13:10.868, PARAM,WARNING,    54, Unexpected state, HistOrgMain, no internal archive dp specified in archive class of: -, parametrized dp in archive class is System1:_NGA_G_EVENT
WCCILdata    (0), 2025.03.26 15:13:10.868, SYS,  SEVERE,     54, Unexpected state, HistOrgMain, no valid archive number
WCCILdata    (0), 2025.03.26 15:13:10.868, PARAM,WARNING,    54, Unexpected state, HistOrgMain, no internal archive dp specified in archive class of: -, parametrized dp in archive class is System1:_NGA_G_EVENT
WCCILdata    (0), 2025.03.26 15:13:10.868, SYS,  SEVERE,     54, Unexpected state, HistOrgMain, no valid archive number
WCCILdata    (0), 2025.03.26 15:13:10.868, PARAM,WARNING,    54, Unexpected state, HistOrgMain, no internal archive dp specified in archive class of: -, parametrized dp in archive class is System1:_NGA_G_EVENT
WCCILdata    (0), 2025.03.26 15:13:10.868, SYS,  SEVERE,     54, Unexpected state, HistOrgMain, no valid archive number
WCCILdata    (0), 2025.03.26 15:13:10.868, PARAM,WARNING,    54, Unexpected state, HistOrgMain, no internal archive dp specified in archive class of: -, parametrized dp in archive class is System1:_NGA_G_EVENT
WCCILdata    (0), 2025.03.26 15:13:10.868, SYS,  SEVERE,     54, Unexpected state, HistOrgMain, no valid archive number
WCCILdata    (0), 2025.03.26 15:13:10.868, PARAM,WARNING,    54, Unexpected state, HistOrgMain, no internal archive dp specified in archive class of: -, parametrized dp in archive class is System1:_NGA_G_EVENT
WCCILdata    (0), 2025.03.26 15:13:10.868, SYS,  SEVERE,     54, Unexpected state, HistOrgMain, no valid archive number
WCCILdata    (0), 2025.03.26 15:13:10.868, PARAM,WARNING,    54, Unexpected state, HistOrgMain, no internal archive dp specified in archive class of: -, parametrized dp in archive class is System1:_NGA_G_EVENT
WCCILdata    (0), 2025.03.26 15:13:10.868, SYS,  SEVERE,     54, Unexpected state, HistOrgMain, no valid archive number
WCCILdata    (0), 2025.03.26 15:13:10.868, PARAM,WARNING,    54, Unexpected state, HistOrgMain, no internal archive dp specified in archive class of: -, parametrized dp in archive class is System1:_NGA_G_EVENT
WCCILdata    (0), 2025.03.26 15:13:10.868, SYS,  SEVERE,     54, Unexpected state, HistOrgMain, no valid archive number
WCCILdata    (0), 2025.03.26 15:13:10.869, PARAM,WARNING,    54, Unexpected state, HistOrgMain, no internal archive dp specified in archive class of: -, parametrized dp in archive class is System1:_NGA_G_EVENT
WCCILdata    (0), 2025.03.26 15:13:10.869, SYS,  SEVERE,     54, Unexpected state, HistOrgMain, no valid archive number
WCCILdata    (0), 2025.03.26 15:13:10.869, PARAM,WARNING,    54, Unexpected state, HistOrgMain, no internal archive dp specified in archive class of: -, parametrized dp in archive class is System1:_NGA_G_EVENT
WCCILdata    (0), 2025.03.26 15:13:10.869, SYS,  SEVERE,     54, Unexpected state, HistOrgMain, no valid archive number
WCCILdata    (0), 2025.03.26 15:13:10.869, PARAM,WARNING,    54, Unexpected state, HistOrgMain, no internal archive dp specified in archive class of: -, parametrized dp in archive class is System1:_NGA_G_EVENT
WCCILdata    (0), 2025.03.26 15:13:10.869, SYS,  SEVERE,     54, Unexpected state, HistOrgMain, no valid archive number
WCCILdata    (0), 2025.03.26 15:13:10.869, PARAM,WARNING,    54, Unexpected state, HistOrgMain, no internal archive dp specified in archive class of: -, parametrized dp in archive class is System1:_NGA_G_EVENT
WCCILdata    (0), 2025.03.26 15:13:10.869, SYS,  SEVERE,     54, Unexpected state, HistOrgMain, no valid archive number
WCCILdata    (0), 2025.03.26 15:13:10.869, PARAM,WARNING,    54, Unexpected state, HistOrgMain, no internal archive dp specified in archive class of: -, parametrized dp in archive class is System1:_NGA_G_EVENT
WCCILdata    (0), 2025.03.26 15:13:10.869, SYS,  SEVERE,     54, Unexpected state, HistOrgMain, no valid archive number
WCCILdata    (0), 2025.03.26 15:13:10.869, PARAM,WARNING,    54, Unexpected state, HistOrgMain, no internal archive dp specified in archive class of: -, parametrized dp in archive class is System1:_NGA_G_EVENT
WCCILdata    (0), 2025.03.26 15:13:10.869, SYS,  SEVERE,     54, Unexpected state, HistOrgMain, no valid archive number
WCCILdata    (0), 2025.03.26 15:13:10.869, PARAM,WARNING,    54, Unexpected state, HistOrgMain, no internal archive dp specified in archive class of: -, parametrized dp in archive class is System1:_NGA_G_EVENT
WCCILdata    (0), 2025.03.26 15:13:10.869, SYS,  SEVERE,     54, Unexpected state, HistOrgMain, no valid archive number
WCCILdata    (0), 2025.03.26 15:13:10.870, PARAM,WARNING,    54, Unexpected state, HistOrgMain, no internal archive dp specified in archive class of: -, parametrized dp in archive class is System1:_NGA_G_EVENT
WCCILdata    (0), 2025.03.26 15:13:10.870, SYS,  SEVERE,     54, Unexpected state, HistOrgMain, no valid archive number
WCCILdata    (0), 2025.03.26 15:13:10.870, PARAM,WARNING,    54, Unexpected state, HistOrgMain, no internal archive dp specified in archive class of: -, parametrized dp in archive class is System1:_NGA_G_EVENT
WCCILdata    (0), 2025.03.26 15:13:10.870, SYS,  SEVERE,     54, Unexpected state, HistOrgMain, no valid archive number
WCCILdata    (0), 2025.03.26 15:13:10.870, PARAM,WARNING,    54, Unexpected state, HistOrgMain, no internal archive dp specified in archive class of: -, parametrized dp in archive class is System1:_NGA_G_EVENT
WCCILdata    (0), 2025.03.26 15:13:10.870, SYS,  SEVERE,     54, Unexpected state, HistOrgMain, no valid archive number
WCCILdata    (0), 2025.03.26 15:13:10.870, PARAM,WARNING,    54, Unexpected state, HistOrgMain, no internal archive dp specified in archive class of: -, parametrized dp in archive class is System1:_NGA_G_EVENT
WCCILdata    (0), 2025.03.26 15:13:10.870, SYS,  SEVERE,     54, Unexpected state, HistOrgMain, no valid archive number
WCCILdata    (0), 2025.03.26 15:13:10.870, PARAM,WARNING,    54, Unexpected state, HistOrgMain, no internal archive dp specified in archive class of: -, parametrized dp in archive class is System1:_NGA_G_EVENT
WCCILdata    (0), 2025.03.26 15:13:10.870, SYS,  SEVERE,     54, Unexpected state, HistOrgMain, no valid archive number
WCCILdata    (0), 2025.03.26 15:13:10.870, PARAM,WARNING,    54, Unexpected state, HistOrgMain, no internal archive dp specified in archive class of: -, parametrized dp in archive class is System1:_NGA_G_EVENT
WCCILdata    (0), 2025.03.26 15:13:10.870, SYS,  SEVERE,     54, Unexpected state, HistOrgMain, no valid archive number
WCCILdata    (0), 2025.03.26 15:13:10.870, PARAM,WARNING,    54, Unexpected state, HistOrgMain, no internal archive dp specified in archive class of: -, parametrized dp in archive class is System1:_NGA_G_EVENT
WCCILdata    (0), 2025.03.26 15:13:10.870, SYS,  SEVERE,     54, Unexpected state, HistOrgMain, no valid archive number
WCCILdata    (0), 2025.03.26 15:13:10.870, PARAM,WARNING,    54, Unexpected state, HistOrgMain, no internal archive dp specified in archive class of: -, parametrized dp in archive class is System1:_NGA_G_EVENT
WCCILdata    (0), 2025.03.26 15:13:10.870, SYS,  SEVERE,     54, Unexpected state, HistOrgMain, no valid archive number
WCCILdata    (0), 2025.03.26 15:13:10.871, PARAM,WARNING,    54, Unexpected state, HistOrgMain, no internal archive dp specified in archive class of: -, parametrized dp in archive class is System1:_NGA_G_EVENT
WCCILdata    (0), 2025.03.26 15:13:10.871, SYS,  SEVERE,     54, Unexpected state, HistOrgMain, no valid archive number
WCCILdata    (0), 2025.03.26 15:13:10.871, PARAM,WARNING,    54, Unexpected state, HistOrgMain, no internal archive dp specified in archive class of: -, parametrized dp in archive class is System1:_NGA_G_EVENT
WCCILdata    (0), 2025.03.26 15:13:10.871, SYS,  SEVERE,     54, Unexpected state, HistOrgMain, no valid archive number
WCCILdata    (0), 2025.03.26 15:13:10.871, PARAM,WARNING,    54, Unexpected state, HistOrgMain, no internal archive dp specified in archive class of: -, parametrized dp in archive class is System1:_NGA_G_EVENT
WCCILdata    (0), 2025.03.26 15:13:10.871, SYS,  SEVERE,     54, Unexpected state, HistOrgMain, no valid archive number
WCCILdata    (0), 2025.03.26 15:13:10.871, PARAM,WARNING,    54, Unexpected state, HistOrgMain, no internal archive dp specified in archive class of: -, parametrized dp in archive class is System1:_NGA_G_EVENT
WCCILdata    (0), 2025.03.26 15:13:10.871, SYS,  SEVERE,     54, Unexpected state, HistOrgMain, no valid archive number
WCCILdata    (0), 2025.03.26 15:13:10.871, PARAM,WARNING,    54, Unexpected state, HistOrgMain, no internal archive dp specified in archive class of: -, parametrized dp in archive class is System1:_NGA_G_EVENT
WCCILdata    (0), 2025.03.26 15:13:10.871, SYS,  SEVERE,     54, Unexpected state, HistOrgMain, no valid archive number
WCCILdata    (0), 2025.03.26 15:13:10.871, PARAM,WARNING,    54, Unexpected state, HistOrgMain, no internal archive dp specified in archive class of: -, parametrized dp in archive class is System1:_NGA_G_EVENT
WCCILdata    (0), 2025.03.26 15:13:10.871, SYS,  SEVERE,     54, Unexpected state, HistOrgMain, no valid archive number
WCCILdata    (0), 2025.03.26 15:13:10.872, PARAM,WARNING,    54, Unexpected state, HistOrgMain, no internal archive dp specified in archive class of: -, parametrized dp in archive class is System1:_NGA_G_EVENT
WCCILdata    (0), 2025.03.26 15:13:10.872, SYS,  SEVERE,     54, Unexpected state, HistOrgMain, no valid archive number
WCCILdata    (0), 2025.03.26 15:13:10.872, PARAM,WARNING,    54, Unexpected state, HistOrgMain, no internal archive dp specified in archive class of: -, parametrized dp in archive class is System1:_NGA_G_EVENT
WCCILdata    (0), 2025.03.26 15:13:10.872, SYS,  SEVERE,     54, Unexpected state, HistOrgMain, no valid archive number
WCCILdata    (0), 2025.03.26 15:13:10.872, PARAM,WARNING,    54, Unexpected state, HistOrgMain, no internal archive dp specified in archive class of: -, parametrized dp in archive class is System1:_NGA_G_EVENT
WCCILdata    (0), 2025.03.26 15:13:10.872, SYS,  SEVERE,     54, Unexpected state, HistOrgMain, no valid archive number
WCCILdata    (0), 2025.03.26 15:13:10.872, PARAM,WARNING,    54, Unexpected state, HistOrgMain, no internal archive dp specified in archive class of: -, parametrized dp in archive class is System1:_NGA_G_EVENT
WCCILdata    (0), 2025.03.26 15:13:10.872, SYS,  SEVERE,     54, Unexpected state, HistOrgMain, no valid archive number
WCCILdata    (0), 2025.03.26 15:13:10.872, PARAM,WARNING,    54, Unexpected state, HistOrgMain, no internal archive dp specified in archive class of: -, parametrized dp in archive class is System1:_NGA_G_EVENT
WCCILdata    (0), 2025.03.26 15:13:10.872, SYS,  SEVERE,     54, Unexpected state, HistOrgMain, no valid archive number
WCCILdata    (0), 2025.03.26 15:13:10.873, PARAM,WARNING,    54, Unexpected state, HistOrgMain, no internal archive dp specified in archive class of: -, parametrized dp in archive class is System1:_NGA_G_EVENT
WCCILdata    (0), 2025.03.26 15:13:10.873, SYS,  SEVERE,     54, Unexpected state, HistOrgMain, no valid archive number
WCCILdata    (0), 2025.03.26 15:13:10.873, PARAM,WARNING,    54, Unexpected state, HistOrgMain, no internal archive dp specified in archive class of: -, parametrized dp in archive class is System1:_NGA_G_EVENT
WCCILdata    (0), 2025.03.26 15:13:10.873, SYS,  SEVERE,     54, Unexpected state, HistOrgMain, no valid archive number
WCCILdata    (0), 2025.03.26 15:13:10.874, PARAM,WARNING,    54, Unexpected state, HistOrgMain, no internal archive dp specified in archive class of: -, parametrized dp in archive class is System1:_NGA_G_EVENT
WCCILdata    (0), 2025.03.26 15:13:10.874, SYS,  SEVERE,     54, Unexpected state, HistOrgMain, no valid archive number
WCCILdata    (0), 2025.03.26 15:13:10.874, PARAM,WARNING,    54, Unexpected state, HistOrgMain, no internal archive dp specified in archive class of: -, parametrized dp in archive class is System1:_NGA_G_EVENT
WCCILdata    (0), 2025.03.26 15:13:10.874, SYS,  SEVERE,     54, Unexpected state, HistOrgMain, no valid archive number
WCCILdata    (0), 2025.03.26 15:13:10.874, PARAM,WARNING,    54, Unexpected state, HistOrgMain, no internal archive dp specified in archive class of: -, parametrized dp in archive class is System1:_NGA_G_EVENT
WCCILdata    (0), 2025.03.26 15:13:10.874, SYS,  SEVERE,     54, Unexpected state, HistOrgMain, no valid archive number
WCCILdata    (0), 2025.03.26 15:13:10.874, PARAM,WARNING,    54, Unexpected state, HistOrgMain, no internal archive dp specified in archive class of: -, parametrized dp in archive class is System1:_NGA_G_EVENT
WCCILdata    (0), 2025.03.26 15:13:10.874, SYS,  SEVERE,     54, Unexpected state, HistOrgMain, no valid archive number
WCCILdata    (0), 2025.03.26 15:13:10.874, PARAM,WARNING,    54, Unexpected state, HistOrgMain, no internal archive dp specified in archive class of: -, parametrized dp in archive class is System1:_NGA_G_EVENT
WCCILdata    (0), 2025.03.26 15:13:10.874, SYS,  SEVERE,     54, Unexpected state, HistOrgMain, no valid archive number
WCCILdata    (0), 2025.03.26 15:13:10.874, PARAM,WARNING,    54, Unexpected state, HistOrgMain, no internal archive dp specified in archive class of: -, parametrized dp in archive class is System1:_NGA_G_EVENT
WCCILdata    (0), 2025.03.26 15:13:10.874, SYS,  SEVERE,     54, Unexpected state, HistOrgMain, no valid archive number
WCCILdata    (0), 2025.03.26 15:13:10.874, PARAM,WARNING,    54, Unexpected state, HistOrgMain, no internal archive dp specified in archive class of: -, parametrized dp in archive class is System1:_NGA_G_EVENT
WCCILdata    (0), 2025.03.26 15:13:10.874, SYS,  SEVERE,     54, Unexpected state, HistOrgMain, no valid archive number
WCCILdata    (0), 2025.03.26 15:13:10.874, PARAM,WARNING,    54, Unexpected state, HistOrgMain, no internal archive dp specified in archive class of: -, parametrized dp in archive class is System1:_NGA_G_EVENT
WCCILdata    (0), 2025.03.26 15:13:10.874, SYS,  SEVERE,     54, Unexpected state, HistOrgMain, no valid archive number
WCCILdata    (0), 2025.03.26 15:13:10.874, PARAM,WARNING,    54, Unexpected state, HistOrgMain, no internal archive dp specified in archive class of: -, parametrized dp in archive class is System1:_NGA_G_EVENT
WCCILdata    (0), 2025.03.26 15:13:10.874, SYS,  SEVERE,     54, Unexpected state, HistOrgMain, no valid archive number
WCCILdata    (0), 2025.03.26 15:13:10.875, PARAM,WARNING,    54, Unexpected state, HistOrgMain, no internal archive dp specified in archive class of: -, parametrized dp in archive class is System1:_NGA_G_EVENT
WCCILdata    (0), 2025.03.26 15:13:10.875, SYS,  SEVERE,     54, Unexpected state, HistOrgMain, no valid archive number
WCCILdata    (0), 2025.03.26 15:13:10.875, PARAM,WARNING,    54, Unexpected state, HistOrgMain, no internal archive dp specified in archive class of: -, parametrized dp in archive class is System1:_NGA_G_EVENT
WCCILdata    (0), 2025.03.26 15:13:10.875, SYS,  SEVERE,     54, Unexpected state, HistOrgMain, no valid archive number
WCCILdata    (0), 2025.03.26 15:13:10.875, PARAM,WARNING,    54, Unexpected state, HistOrgMain, no internal archive dp specified in archive class of: -, parametrized dp in archive class is System1:_NGA_G_EVENT
WCCILdata    (0), 2025.03.26 15:13:10.875, SYS,  SEVERE,     54, Unexpected state, HistOrgMain, no valid archive number
WCCILdata    (0), 2025.03.26 15:13:10.894, SYS,  INFO,       39, Connection lost, MAN: (SYS: 1 Ascii -num 1 CONN: 1), Connection closed
WCCILdata    (0), 2025.03.26 15:13:10.911, SYS,  INFO,        4, Connected to (SYS: 1 Ascii -num 1 CONN: 1) @ localhost (::1)
WCCILdata    (0), 2025.03.26 15:13:10.912, SYS,  INFO,        0, , Manager (SYS: 1 Ascii -num 1 CONN: 1) initialised
WCCILdata    (0), 2025.03.26 15:13:10.916, SYS,  INFO,        0, , Manager (SYS: 1 Ascii -num 1 CONN: 1) initialised
WCCILdata    (0), 2025.03.26 15:13:10.920, SYS,  INFO,       39, Connection lost, MAN: (SYS: 1 Ascii -num 1 CONN: 1), Connection closed
WCCILdata    (0), 2025.03.26 15:13:10.942, SYS,  INFO,       39, Connection lost, MAN: (SYS: 1 Driver -num 1 CONN: 1), Connection closed
WCCILdata    (0), 2025.03.26 15:13:11.922, SYS,  INFO,       39, Connection lost, MAN: (SYS: 1 Event -num 0 CONN: 1), Connection closed
WCCILdata    (0), 2025.03.26 15:13:12.922, SYS,  INFO,        2, Manager Stop, received signal 15, exiting
WCCILdata    (0), 2025.03.26 15:13:12.923, SYS,  INFO,        0, , Loading DpIdentification
WCCILdata    (0), 2025.03.26 15:13:12.926, SYS,  INFO,        2, Manager Stop
